INFO:root:Successfully loaded data from /Users/jan-philippvonbassewitz/Documents/Studium/Semester_6/Bachelor_Thesis/LatentODELorentz/MyNeuralODE/data/train/data.h5 directory and stored it in np.stack. Length one Sequence: 1001
INFO:root:Successfully loaded data from /Users/jan-philippvonbassewitz/Documents/Studium/Semester_6/Bachelor_Thesis/LatentODELorentz/MyNeuralODE/data/val/data.h5 directory and stored it in np.stack. Length one Sequence: 1001
INFO:root:
CreationRNN(
  (rnn): GRU(1, 20, num_layers=2, batch_first=True)
  (o2o): Linear(in_features=20, out_features=20, bias=True)
) 
OdeNet(
  (tanh): Tanh()
  (fc1): Linear(in_features=20, out_features=50, bias=True)
  (fc2): Linear(in_features=50, out_features=50, bias=True)
  (fc3): Linear(in_features=50, out_features=20, bias=True)
) 
Decoder(
  (relu): ReLU(inplace=True)
  (fc1): Linear(in_features=20, out_features=20, bias=True)
  (fc2): Linear(in_features=20, out_features=1, bias=True)
)
INFO:root:Total number of trainable parameters: 9381
INFO:root:
 Starting to train model with N_SAMPLES: 1 | SAMPLE_LEN: 50 | EPOCHS: 10 

INFO:root:
 Training finished after 14 seconds
INFO:root:Stored ckpt at Models/PredictionRNNckpt.pth
INFO:root:Successfully loaded data from /Users/jan-philippvonbassewitz/Documents/Studium/Semester_6/Bachelor_Thesis/LatentODELorentz/MyNeuralODE/data/test/data.h5 directory and stored it in np.stack. Length one Sequence: 1001
INFO:root:
 REACHED END OF MAIN
INFO:root:Successfully loaded data from /Users/jan-philippvonbassewitz/Documents/Studium/Semester_6/Bachelor_Thesis/LatentODELorentz/MyNeuralODE/data/train/data.h5 directory and stored it in np.stack. Length one Sequence: 1001
INFO:root:Successfully loaded data from /Users/jan-philippvonbassewitz/Documents/Studium/Semester_6/Bachelor_Thesis/LatentODELorentz/MyNeuralODE/data/val/data.h5 directory and stored it in np.stack. Length one Sequence: 1001
INFO:root:
CreationRNN(
  (rnn): GRU(1, 20, num_layers=2, batch_first=True)
  (o2o): Linear(in_features=20, out_features=20, bias=True)
) 
OdeNet(
  (tanh): Tanh()
  (fc1): Linear(in_features=20, out_features=50, bias=True)
  (fc2): Linear(in_features=50, out_features=50, bias=True)
  (fc3): Linear(in_features=50, out_features=20, bias=True)
) 
Decoder(
  (relu): ReLU(inplace=True)
  (fc1): Linear(in_features=20, out_features=20, bias=True)
  (fc2): Linear(in_features=20, out_features=1, bias=True)
)
INFO:root:Total number of trainable parameters: 9381
INFO:root:
 Starting to train model with N_SAMPLES: 2 | SAMPLE_LEN: 50 | EPOCHS: 1000 

INFO:root:Stored ckpt at Models/PredictionRNNckpt.pth
INFO:root:EPOCH: 80 with training loss: 0.4558834731578827 | validation loss: 0.47176918387413025 | lr: 0.001
INFO:root:Stored ckpt at Models/PredictionRNNckpt.pth
INFO:root:EPOCH: 160 with training loss: 0.31899115443229675 | validation loss: 0.3738362193107605 | lr: 0.001
INFO:root:Stored ckpt at Models/PredictionRNNckpt.pth
INFO:root:EPOCH: 240 with training loss: 0.12364296615123749 | validation loss: 0.19849227368831635 | lr: 0.001
INFO:root:Stored ckpt at Models/PredictionRNNckpt.pth
INFO:root:EPOCH: 320 with training loss: 0.03835340961813927 | validation loss: 0.1441846340894699 | lr: 0.001
INFO:root:Stored ckpt at Models/PredictionRNNckpt.pth
INFO:root:EPOCH: 400 with training loss: 0.011634144932031631 | validation loss: 0.13136331737041473 | lr: 0.001
INFO:root:Stored ckpt at Models/PredictionRNNckpt.pth
INFO:root:EPOCH: 480 with training loss: 0.0074499682523310184 | validation loss: 0.12274163216352463 | lr: 6.25e-05
INFO:root:Stored ckpt at Models/PredictionRNNckpt.pth
INFO:root:EPOCH: 560 with training loss: 0.007405139971524477 | validation loss: 0.12277231365442276 | lr: 1e-05
INFO:root:Successfully loaded data from /Users/jan-philippvonbassewitz/Documents/Studium/Semester_6/Bachelor_Thesis/LatentODELorentz/MyNeuralODE/data/train/data.h5 directory and stored it in np.stack. Length one Sequence: 1001
INFO:root:Successfully loaded data from /Users/jan-philippvonbassewitz/Documents/Studium/Semester_6/Bachelor_Thesis/LatentODELorentz/MyNeuralODE/data/val/data.h5 directory and stored it in np.stack. Length one Sequence: 1001
INFO:root:Saving figures in path that already exists.
INFO:root:
CreationRNN(
  (rnn): GRU(1, 20, num_layers=2, batch_first=True)
  (o2o): Linear(in_features=20, out_features=20, bias=True)
) 
OdeNet(
  (tanh): Tanh()
  (fc1): Linear(in_features=20, out_features=50, bias=True)
  (fc2): Linear(in_features=50, out_features=50, bias=True)
  (fc3): Linear(in_features=50, out_features=20, bias=True)
) 
Decoder(
  (relu): ReLU(inplace=True)
  (fc1): Linear(in_features=20, out_features=20, bias=True)
  (fc2): Linear(in_features=20, out_features=1, bias=True)
)
INFO:root:Total number of trainable parameters: 9381
INFO:root:Loaded ckpt from Models/PredictionRNNckpt.pth
INFO:root:Successfully loaded data from /Users/jan-philippvonbassewitz/Documents/Studium/Semester_6/Bachelor_Thesis/LatentODELorentz/MyNeuralODE/data/test/data.h5 directory and stored it in np.stack. Length one Sequence: 1001
INFO:root:
 REACHED END OF MAIN
INFO:root:Successfully loaded data from /Users/jan-philippvonbassewitz/Documents/Studium/Semester_6/Bachelor_Thesis/LatentODELorentz/MyNeuralODE/data/train/data.h5 directory and stored it in np.stack. Length one Sequence: 1001
INFO:root:Successfully loaded data from /Users/jan-philippvonbassewitz/Documents/Studium/Semester_6/Bachelor_Thesis/LatentODELorentz/MyNeuralODE/data/val/data.h5 directory and stored it in np.stack. Length one Sequence: 1001
INFO:root:Saving figures in path that already exists.
INFO:root:
CreationRNN(
  (rnn): GRU(1, 20, num_layers=2, batch_first=True)
  (o2o): Linear(in_features=20, out_features=20, bias=True)
) 
OdeNet(
  (tanh): Tanh()
  (fc1): Linear(in_features=20, out_features=50, bias=True)
  (fc2): Linear(in_features=50, out_features=50, bias=True)
  (fc3): Linear(in_features=50, out_features=20, bias=True)
) 
Decoder(
  (relu): ReLU(inplace=True)
  (fc1): Linear(in_features=20, out_features=20, bias=True)
  (fc2): Linear(in_features=20, out_features=1, bias=True)
)
INFO:root:Total number of trainable parameters: 9381
INFO:root:Loaded ckpt from Models/PredictionRNNckpt.pth
INFO:root:Successfully loaded data from /Users/jan-philippvonbassewitz/Documents/Studium/Semester_6/Bachelor_Thesis/LatentODELorentz/MyNeuralODE/data/test/data.h5 directory and stored it in np.stack. Length one Sequence: 1001
INFO:root:
 REACHED END OF MAIN
INFO:root:Successfully loaded data from /Users/jan-philippvonbassewitz/Documents/Studium/Semester_6/Bachelor_Thesis/LatentODELorentz/MyNeuralODE/data/train/data.h5 directory and stored it in np.stack. Length one Sequence: 1001
INFO:root:Successfully loaded data from /Users/jan-philippvonbassewitz/Documents/Studium/Semester_6/Bachelor_Thesis/LatentODELorentz/MyNeuralODE/data/val/data.h5 directory and stored it in np.stack. Length one Sequence: 1001
INFO:root:
CreationRNN(
  (rnn): GRU(1, 20, num_layers=2, batch_first=True)
  (o2o): Linear(in_features=20, out_features=20, bias=True)
) 
OdeNet(
  (tanh): Tanh()
  (fc1): Linear(in_features=20, out_features=50, bias=True)
  (fc2): Linear(in_features=50, out_features=50, bias=True)
  (fc3): Linear(in_features=50, out_features=20, bias=True)
) 
Decoder(
  (relu): ReLU(inplace=True)
  (fc1): Linear(in_features=20, out_features=20, bias=True)
  (fc2): Linear(in_features=20, out_features=1, bias=True)
)
INFO:root:Total number of trainable parameters: 9381
INFO:root:Loaded ckpt from Models/PredictionRNNckpt.pth
INFO:root:Successfully loaded data from /Users/jan-philippvonbassewitz/Documents/Studium/Semester_6/Bachelor_Thesis/LatentODELorentz/MyNeuralODE/data/test/data.h5 directory and stored it in np.stack. Length one Sequence: 1001
INFO:root:
 REACHED END OF MAIN
INFO:root:Successfully loaded data from /Users/jan-philippvonbassewitz/Documents/Studium/Semester_6/Bachelor_Thesis/LatentODELorentz/MyNeuralODE/data/train/data.h5 directory and stored it in np.stack. Length one Sequence: 1001
INFO:root:Successfully loaded data from /Users/jan-philippvonbassewitz/Documents/Studium/Semester_6/Bachelor_Thesis/LatentODELorentz/MyNeuralODE/data/val/data.h5 directory and stored it in np.stack. Length one Sequence: 1001
INFO:root:Saving figures in path that already exists.
INFO:root:
CreationRNN(
  (rnn): GRU(1, 20, num_layers=2, batch_first=True)
  (o2o): Linear(in_features=20, out_features=20, bias=True)
) 
OdeNet(
  (tanh): Tanh()
  (fc1): Linear(in_features=20, out_features=50, bias=True)
  (fc2): Linear(in_features=50, out_features=50, bias=True)
  (fc3): Linear(in_features=50, out_features=20, bias=True)
) 
Decoder(
  (relu): ReLU(inplace=True)
  (fc1): Linear(in_features=20, out_features=20, bias=True)
  (fc2): Linear(in_features=20, out_features=1, bias=True)
)
INFO:root:Total number of trainable parameters: 9381
INFO:root:
 Starting to train model with N_SAMPLES: 4 | SAMPLE_LEN: 50 | EPOCHS: 1000 

INFO:root:Stored ckpt at Models/PredictionRNNckpt.pth
INFO:root:EPOCH: 80 with training loss: 0.48432406783103943 | validation loss: 0.5145330429077148 | lr: 0.00025
INFO:root:Stored ckpt at Models/PredictionRNNckpt.pth
INFO:root:EPOCH: 160 with training loss: 0.4821797311306 | validation loss: 0.5183524489402771 | lr: 1.5625e-05
INFO:root:Stored ckpt at Models/PredictionRNNckpt.pth
INFO:root:EPOCH: 240 with training loss: 0.48190733790397644 | validation loss: 0.5187347531318665 | lr: 1e-05
INFO:root:Stored ckpt at Models/PredictionRNNckpt.pth
INFO:root:EPOCH: 320 with training loss: 0.48163649439811707 | validation loss: 0.5191094279289246 | lr: 1e-05
INFO:root:Successfully loaded data from /Users/jan-philippvonbassewitz/Documents/Studium/Semester_6/Bachelor_Thesis/LatentODELorentz/MyNeuralODE/data/train/data.h5 directory and stored it in np.stack. Length one Sequence: 1001
INFO:root:Successfully loaded data from /Users/jan-philippvonbassewitz/Documents/Studium/Semester_6/Bachelor_Thesis/LatentODELorentz/MyNeuralODE/data/val/data.h5 directory and stored it in np.stack. Length one Sequence: 1001
INFO:root:
CreationRNN(
  (rnn): GRU(1, 20, num_layers=2, batch_first=True)
  (o2o): Linear(in_features=20, out_features=20, bias=True)
) 
OdeNet(
  (tanh): Tanh()
  (fc1): Linear(in_features=20, out_features=50, bias=True)
  (fc2): Linear(in_features=50, out_features=50, bias=True)
  (fc3): Linear(in_features=50, out_features=20, bias=True)
) 
Decoder(
  (relu): ReLU(inplace=True)
  (fc1): Linear(in_features=20, out_features=20, bias=True)
  (fc2): Linear(in_features=20, out_features=1, bias=True)
)
INFO:root:Total number of trainable parameters: 9381
INFO:root:
 Starting to train model with N_SAMPLES: 4 | SAMPLE_LEN: 50 | EPOCHS: 1000 

INFO:root:Successfully loaded data from /Users/jan-philippvonbassewitz/Documents/Studium/Semester_6/Bachelor_Thesis/LatentODELorentz/MyNeuralODE/data/train/data.h5 directory and stored it in np.stack. Length one Sequence: 1001
INFO:root:Successfully loaded data from /Users/jan-philippvonbassewitz/Documents/Studium/Semester_6/Bachelor_Thesis/LatentODELorentz/MyNeuralODE/data/val/data.h5 directory and stored it in np.stack. Length one Sequence: 1001
INFO:root:Saving figures in path that already exists.
INFO:root:
CreationRNN(
  (rnn): GRU(1, 20, num_layers=2, batch_first=True)
  (o2o): Linear(in_features=20, out_features=20, bias=True)
) 
OdeNet(
  (tanh): Tanh()
  (fc1): Linear(in_features=20, out_features=50, bias=True)
  (fc2): Linear(in_features=50, out_features=50, bias=True)
  (fc3): Linear(in_features=50, out_features=20, bias=True)
) 
Decoder(
  (relu): ReLU(inplace=True)
  (fc1): Linear(in_features=20, out_features=20, bias=True)
  (fc2): Linear(in_features=20, out_features=1, bias=True)
)
INFO:root:Total number of trainable parameters: 9381
INFO:root:
 Starting to train model with N_SAMPLES: 4 | SAMPLE_LEN: 50 | EPOCHS: 1000 

INFO:root:Successfully loaded data from /Users/jan-philippvonbassewitz/Documents/Studium/Semester_6/Bachelor_Thesis/LatentODELorentz/MyNeuralODE/data/train/data.h5 directory and stored it in np.stack. Length one Sequence: 1001
INFO:root:Successfully loaded data from /Users/jan-philippvonbassewitz/Documents/Studium/Semester_6/Bachelor_Thesis/LatentODELorentz/MyNeuralODE/data/val/data.h5 directory and stored it in np.stack. Length one Sequence: 1001
INFO:root:Saving figures in path that already exists.
INFO:root:
CreationRNN(
  (rnn): GRU(1, 20, num_layers=2, batch_first=True)
  (o2o): Linear(in_features=20, out_features=20, bias=True)
) 
OdeNet(
  (tanh): Tanh()
  (fc1): Linear(in_features=20, out_features=50, bias=True)
  (fc2): Linear(in_features=50, out_features=50, bias=True)
  (fc3): Linear(in_features=50, out_features=20, bias=True)
) 
Decoder(
  (relu): ReLU(inplace=True)
  (fc1): Linear(in_features=20, out_features=20, bias=True)
  (fc2): Linear(in_features=20, out_features=1, bias=True)
)
INFO:root:Total number of trainable parameters: 9381
INFO:root:
 Starting to train model with N_SAMPLES: 4 | SAMPLE_LEN: 50 | EPOCHS: 1000 

INFO:root:Successfully loaded data from /Users/jan-philippvonbassewitz/Documents/Studium/Semester_6/Bachelor_Thesis/LatentODELorentz/MyNeuralODE/data/train/data.h5 directory and stored it in np.stack. Length one Sequence: 1001
INFO:root:Successfully loaded data from /Users/jan-philippvonbassewitz/Documents/Studium/Semester_6/Bachelor_Thesis/LatentODELorentz/MyNeuralODE/data/val/data.h5 directory and stored it in np.stack. Length one Sequence: 1001
INFO:root:
CreationRNN(
  (rnn): GRU(1, 20, num_layers=2, batch_first=True)
  (o2o): Linear(in_features=20, out_features=10, bias=True)
) 
OdeNet(
  (tanh): Tanh()
  (fc1): Linear(in_features=10, out_features=50, bias=True)
  (fc2): Linear(in_features=50, out_features=50, bias=True)
  (fc3): Linear(in_features=50, out_features=10, bias=True)
) 
Decoder(
  (relu): ReLU(inplace=True)
  (fc1): Linear(in_features=10, out_features=20, bias=True)
  (fc2): Linear(in_features=20, out_features=1, bias=True)
)
INFO:root:Total number of trainable parameters: 7961
INFO:root:
 Starting to train model with N_SAMPLES: 4 | SAMPLE_LEN: 50 | EPOCHS: 1000 

INFO:root:Successfully loaded data from /Users/jan-philippvonbassewitz/Documents/Studium/Semester_6/Bachelor_Thesis/LatentODELorentz/MyNeuralODE/data/train/data.h5 directory and stored it in np.stack. Length one Sequence: 1001
INFO:root:Successfully loaded data from /Users/jan-philippvonbassewitz/Documents/Studium/Semester_6/Bachelor_Thesis/LatentODELorentz/MyNeuralODE/data/val/data.h5 directory and stored it in np.stack. Length one Sequence: 1001
INFO:root:Saving figures in path that already exists.
INFO:root:
CreationRNN(
  (rnn): GRU(1, 20, num_layers=2, batch_first=True)
  (o2o): Linear(in_features=20, out_features=10, bias=True)
) 
OdeNet(
  (tanh): Tanh()
  (fc1): Linear(in_features=10, out_features=50, bias=True)
  (fc2): Linear(in_features=50, out_features=50, bias=True)
  (fc3): Linear(in_features=50, out_features=10, bias=True)
) 
Decoder(
  (relu): ReLU(inplace=True)
  (fc1): Linear(in_features=10, out_features=20, bias=True)
  (fc2): Linear(in_features=20, out_features=1, bias=True)
)
INFO:root:Total number of trainable parameters: 7961
INFO:root:
 Starting to train model with N_SAMPLES: 4 | SAMPLE_LEN: 50 | EPOCHS: 1000 

INFO:root:Successfully loaded data from /Users/jan-philippvonbassewitz/Documents/Studium/Semester_6/Bachelor_Thesis/LatentODELorentz/MyNeuralODE/data/train/data.h5 directory and stored it in np.stack. Length one Sequence: 1001
INFO:root:Successfully loaded data from /Users/jan-philippvonbassewitz/Documents/Studium/Semester_6/Bachelor_Thesis/LatentODELorentz/MyNeuralODE/data/val/data.h5 directory and stored it in np.stack. Length one Sequence: 1001
INFO:root:Saving figures in path that already exists.
INFO:root:
CreationRNN(
  (rnn): GRU(1, 20, num_layers=2, batch_first=True)
  (o2o): Linear(in_features=20, out_features=10, bias=True)
) 
OdeNet(
  (tanh): Tanh()
  (fc1): Linear(in_features=10, out_features=50, bias=True)
  (fc2): Linear(in_features=50, out_features=50, bias=True)
  (fc3): Linear(in_features=50, out_features=10, bias=True)
) 
Decoder(
  (relu): ReLU(inplace=True)
  (fc1): Linear(in_features=10, out_features=20, bias=True)
  (fc2): Linear(in_features=20, out_features=1, bias=True)
)
INFO:root:Total number of trainable parameters: 7961
INFO:root:
 Starting to train model with N_SAMPLES: 4 | SAMPLE_LEN: 50 | EPOCHS: 1000 

INFO:root:Successfully loaded data from /Users/jan-philippvonbassewitz/Documents/Studium/Semester_6/Bachelor_Thesis/LatentODELorentz/MyNeuralODE/data/train/data.h5 directory and stored it in np.stack. Length one Sequence: 1001
INFO:root:Successfully loaded data from /Users/jan-philippvonbassewitz/Documents/Studium/Semester_6/Bachelor_Thesis/LatentODELorentz/MyNeuralODE/data/val/data.h5 directory and stored it in np.stack. Length one Sequence: 1001
INFO:root:Saving figures in path that already exists.
INFO:root:
CreationRNN(
  (rnn): GRU(1, 20, num_layers=2, batch_first=True)
  (o2o): Linear(in_features=20, out_features=10, bias=True)
) 
OdeNet(
  (tanh): Tanh()
  (fc1): Linear(in_features=10, out_features=50, bias=True)
  (fc2): Linear(in_features=50, out_features=50, bias=True)
  (fc3): Linear(in_features=50, out_features=10, bias=True)
) 
Decoder(
  (relu): ReLU(inplace=True)
  (fc1): Linear(in_features=10, out_features=20, bias=True)
  (fc2): Linear(in_features=20, out_features=1, bias=True)
)
INFO:root:Total number of trainable parameters: 7961
INFO:root:
 Starting to train model with N_SAMPLES: 4 | SAMPLE_LEN: 50 | EPOCHS: 1000 

INFO:root:Successfully loaded data from /Users/jan-philippvonbassewitz/Documents/Studium/Semester_6/Bachelor_Thesis/LatentODELorentz/MyNeuralODE/data/train/data.h5 directory and stored it in np.stack. Length one Sequence: 1001
INFO:root:Successfully loaded data from /Users/jan-philippvonbassewitz/Documents/Studium/Semester_6/Bachelor_Thesis/LatentODELorentz/MyNeuralODE/data/val/data.h5 directory and stored it in np.stack. Length one Sequence: 1001
INFO:root:Saving figures in path that already exists.
INFO:root:
CreationRNN(
  (rnn): GRU(1, 20, num_layers=2, batch_first=True)
  (o2o): Linear(in_features=20, out_features=10, bias=True)
) 
OdeNet(
  (tanh): Tanh()
  (fc1): Linear(in_features=10, out_features=50, bias=True)
  (fc2): Linear(in_features=50, out_features=50, bias=True)
  (fc3): Linear(in_features=50, out_features=10, bias=True)
) 
Decoder(
  (relu): ReLU(inplace=True)
  (fc1): Linear(in_features=10, out_features=20, bias=True)
  (fc2): Linear(in_features=20, out_features=1, bias=True)
)
INFO:root:Total number of trainable parameters: 7961
INFO:root:
 Starting to train model with N_SAMPLES: 4 | SAMPLE_LEN: 50 | EPOCHS: 1000 

INFO:root:Successfully loaded data from /Users/jan-philippvonbassewitz/Documents/Studium/Semester_6/Bachelor_Thesis/LatentODELorentz/MyNeuralODE/data/train/data.h5 directory and stored it in np.stack. Length one Sequence: 1001
INFO:root:Successfully loaded data from /Users/jan-philippvonbassewitz/Documents/Studium/Semester_6/Bachelor_Thesis/LatentODELorentz/MyNeuralODE/data/val/data.h5 directory and stored it in np.stack. Length one Sequence: 1001
INFO:root:Saving figures in path that already exists.
INFO:root:
CreationRNN(
  (rnn): GRU(1, 20, num_layers=2, batch_first=True)
  (o2o): Linear(in_features=20, out_features=10, bias=True)
) 
OdeNet(
  (tanh): Tanh()
  (fc1): Linear(in_features=10, out_features=50, bias=True)
  (fc2): Linear(in_features=50, out_features=50, bias=True)
  (fc3): Linear(in_features=50, out_features=10, bias=True)
) 
Decoder(
  (relu): ReLU(inplace=True)
  (fc1): Linear(in_features=10, out_features=20, bias=True)
  (fc2): Linear(in_features=20, out_features=1, bias=True)
)
INFO:root:Total number of trainable parameters: 7961
INFO:root:
 Starting to train model with N_SAMPLES: 4 | SAMPLE_LEN: 50 | EPOCHS: 1000 

INFO:root:Successfully loaded data from /Users/jan-philippvonbassewitz/Documents/Studium/Semester_6/Bachelor_Thesis/LatentODELorentz/MyNeuralODE/data/train/data.h5 directory and stored it in np.stack. Length one Sequence: 1001
INFO:root:Successfully loaded data from /Users/jan-philippvonbassewitz/Documents/Studium/Semester_6/Bachelor_Thesis/LatentODELorentz/MyNeuralODE/data/val/data.h5 directory and stored it in np.stack. Length one Sequence: 1001
INFO:root:Saving figures in path that already exists.
INFO:root:
CreationRNN(
  (rnn): GRU(1, 20, num_layers=2, batch_first=True)
  (o2o): Linear(in_features=20, out_features=10, bias=True)
) 
OdeNet(
  (tanh): Tanh()
  (fc1): Linear(in_features=10, out_features=50, bias=True)
  (fc2): Linear(in_features=50, out_features=50, bias=True)
  (fc3): Linear(in_features=50, out_features=10, bias=True)
) 
Decoder(
  (relu): ReLU(inplace=True)
  (fc1): Linear(in_features=10, out_features=20, bias=True)
  (fc2): Linear(in_features=20, out_features=1, bias=True)
)
INFO:root:Total number of trainable parameters: 7961
INFO:root:
 Starting to train model with N_SAMPLES: 4 | SAMPLE_LEN: 50 | EPOCHS: 1000 

INFO:root:Successfully loaded data from /Users/jan-philippvonbassewitz/Documents/Studium/Semester_6/Bachelor_Thesis/LatentODELorentz/MyNeuralODE/data/train/data.h5 directory and stored it in np.stack. Length one Sequence: 1001
INFO:root:Successfully loaded data from /Users/jan-philippvonbassewitz/Documents/Studium/Semester_6/Bachelor_Thesis/LatentODELorentz/MyNeuralODE/data/val/data.h5 directory and stored it in np.stack. Length one Sequence: 1001
INFO:root:Saving figures in path that already exists.
INFO:root:
CreationRNN(
  (rnn): GRU(1, 20, num_layers=2, batch_first=True)
  (o2o): Linear(in_features=20, out_features=10, bias=True)
) 
OdeNet(
  (tanh): Tanh()
  (fc1): Linear(in_features=10, out_features=50, bias=True)
  (fc2): Linear(in_features=50, out_features=50, bias=True)
  (fc3): Linear(in_features=50, out_features=10, bias=True)
) 
Decoder(
  (relu): ReLU(inplace=True)
  (fc1): Linear(in_features=10, out_features=20, bias=True)
  (fc2): Linear(in_features=20, out_features=1, bias=True)
)
INFO:root:Total number of trainable parameters: 7961
INFO:root:
 Starting to train model with N_SAMPLES: 4 | SAMPLE_LEN: 50 | EPOCHS: 1000 

INFO:root:Successfully loaded data from /Users/jan-philippvonbassewitz/Documents/Studium/Semester_6/Bachelor_Thesis/LatentODELorentz/MyNeuralODE/data/train/data.h5 directory and stored it in np.stack. Length one Sequence: 1001
INFO:root:Successfully loaded data from /Users/jan-philippvonbassewitz/Documents/Studium/Semester_6/Bachelor_Thesis/LatentODELorentz/MyNeuralODE/data/val/data.h5 directory and stored it in np.stack. Length one Sequence: 1001
INFO:root:
CreationRNN(
  (rnn): GRU(1, 20, num_layers=2, batch_first=True)
  (o2o): Linear(in_features=20, out_features=10, bias=True)
) 
OdeNet(
  (tanh): Tanh()
  (fc1): Linear(in_features=10, out_features=50, bias=True)
  (fc2): Linear(in_features=50, out_features=50, bias=True)
  (fc3): Linear(in_features=50, out_features=10, bias=True)
) 
Decoder(
  (relu): ReLU(inplace=True)
  (fc1): Linear(in_features=10, out_features=20, bias=True)
  (fc2): Linear(in_features=20, out_features=1, bias=True)
)
INFO:root:Total number of trainable parameters: 7961
INFO:root:
 Starting to train model with N_SAMPLES: 1 | SAMPLE_LEN: 50 | EPOCHS: 1000 

INFO:root:Stored ckpt at Models/PredictionRNNckpt.pth
INFO:root:EPOCH: 80 with training loss: 0.42024534940719604 | validation loss: 0.6409538388252258 | lr: 0.00125
INFO:root:Stored ckpt at Models/PredictionRNNckpt.pth
INFO:root:EPOCH: 160 with training loss: 0.33904609084129333 | validation loss: 0.6507500410079956 | lr: 0.0001
INFO:root:Stored ckpt at Models/PredictionRNNckpt.pth
INFO:root:EPOCH: 240 with training loss: 0.3120642900466919 | validation loss: 0.6347061395645142 | lr: 0.0001
INFO:root:Successfully loaded data from /Users/jan-philippvonbassewitz/Documents/Studium/Semester_6/Bachelor_Thesis/LatentODELorentz/MyNeuralODE/data/train/data.h5 directory and stored it in np.stack. Length one Sequence: 1001
INFO:root:Successfully loaded data from /Users/jan-philippvonbassewitz/Documents/Studium/Semester_6/Bachelor_Thesis/LatentODELorentz/MyNeuralODE/data/val/data.h5 directory and stored it in np.stack. Length one Sequence: 1001
INFO:root:
CreationRNN(
  (rnn): GRU(1, 20, num_layers=2, batch_first=True)
  (o2o): Linear(in_features=20, out_features=10, bias=True)
) 
OdeNet(
  (tanh): Tanh()
  (fc1): Linear(in_features=10, out_features=50, bias=True)
  (fc2): Linear(in_features=50, out_features=50, bias=True)
  (fc3): Linear(in_features=50, out_features=10, bias=True)
) 
Decoder(
  (relu): ReLU(inplace=True)
  (fc1): Linear(in_features=10, out_features=20, bias=True)
  (fc2): Linear(in_features=20, out_features=1, bias=True)
)
INFO:root:Total number of trainable parameters: 7961
INFO:root:
 Starting to train model with N_SAMPLES: 1 | SAMPLE_LEN: 50 | EPOCHS: 100 

INFO:root:Successfully loaded data from /Users/jan-philippvonbassewitz/Documents/Studium/Semester_6/Bachelor_Thesis/LatentODELorentz/MyNeuralODE/data/train/data.h5 directory and stored it in np.stack. Length one Sequence: 1001
INFO:root:Successfully loaded data from /Users/jan-philippvonbassewitz/Documents/Studium/Semester_6/Bachelor_Thesis/LatentODELorentz/MyNeuralODE/data/val/data.h5 directory and stored it in np.stack. Length one Sequence: 1001
INFO:root:Saving figures in path that already exists.
INFO:root:
CreationRNN(
  (rnn): GRU(1, 20, num_layers=2, batch_first=True)
  (o2o): Linear(in_features=20, out_features=10, bias=True)
) 
OdeNet(
  (tanh): Tanh()
  (fc1): Linear(in_features=10, out_features=50, bias=True)
  (fc2): Linear(in_features=50, out_features=50, bias=True)
  (fc3): Linear(in_features=50, out_features=10, bias=True)
) 
Decoder(
  (relu): ReLU(inplace=True)
  (fc1): Linear(in_features=10, out_features=20, bias=True)
  (fc2): Linear(in_features=20, out_features=1, bias=True)
)
INFO:root:Total number of trainable parameters: 7961
INFO:root:
 Starting to train model with N_SAMPLES: 1 | SAMPLE_LEN: 50 | EPOCHS: 100 

INFO:root:Successfully loaded data from /Users/jan-philippvonbassewitz/Documents/Studium/Semester_6/Bachelor_Thesis/LatentODELorentz/MyNeuralODE/data/train/data.h5 directory and stored it in np.stack. Length one Sequence: 1001
INFO:root:Successfully loaded data from /Users/jan-philippvonbassewitz/Documents/Studium/Semester_6/Bachelor_Thesis/LatentODELorentz/MyNeuralODE/data/val/data.h5 directory and stored it in np.stack. Length one Sequence: 1001
INFO:root:Saving figures in path that already exists.
INFO:root:
CreationRNN(
  (rnn): GRU(1, 20, num_layers=2, batch_first=True)
  (o2o): Linear(in_features=20, out_features=10, bias=True)
) 
OdeNet(
  (tanh): Tanh()
  (fc1): Linear(in_features=10, out_features=50, bias=True)
  (fc2): Linear(in_features=50, out_features=50, bias=True)
  (fc3): Linear(in_features=50, out_features=10, bias=True)
) 
Decoder(
  (relu): ReLU(inplace=True)
  (fc1): Linear(in_features=10, out_features=20, bias=True)
  (fc2): Linear(in_features=20, out_features=1, bias=True)
)
INFO:root:Total number of trainable parameters: 7961
INFO:root:
 Starting to train model with N_SAMPLES: 1 | SAMPLE_LEN: 50 | EPOCHS: 100 

INFO:root:Successfully loaded data from /Users/jan-philippvonbassewitz/Documents/Studium/Semester_6/Bachelor_Thesis/LatentODELorentz/MyNeuralODE/data/train/data.h5 directory and stored it in np.stack. Length one Sequence: 1001
INFO:root:Successfully loaded data from /Users/jan-philippvonbassewitz/Documents/Studium/Semester_6/Bachelor_Thesis/LatentODELorentz/MyNeuralODE/data/val/data.h5 directory and stored it in np.stack. Length one Sequence: 1001
INFO:root:Saving figures in path that already exists.
INFO:root:
CreationRNN(
  (rnn): GRU(1, 20, num_layers=2, batch_first=True)
  (o2o): Linear(in_features=20, out_features=10, bias=True)
) 
OdeNet(
  (tanh): Tanh()
  (fc1): Linear(in_features=10, out_features=50, bias=True)
  (fc2): Linear(in_features=50, out_features=50, bias=True)
  (fc3): Linear(in_features=50, out_features=10, bias=True)
) 
Decoder(
  (relu): ReLU(inplace=True)
  (fc1): Linear(in_features=10, out_features=20, bias=True)
  (fc2): Linear(in_features=20, out_features=1, bias=True)
)
INFO:root:Total number of trainable parameters: 7961
INFO:root:
 Starting to train model with N_SAMPLES: 1 | SAMPLE_LEN: 50 | EPOCHS: 100 

INFO:root:Successfully loaded data from /Users/jan-philippvonbassewitz/Documents/Studium/Semester_6/Bachelor_Thesis/LatentODELorentz/MyNeuralODE/data/train/data.h5 directory and stored it in np.stack. Length one Sequence: 1001
INFO:root:Successfully loaded data from /Users/jan-philippvonbassewitz/Documents/Studium/Semester_6/Bachelor_Thesis/LatentODELorentz/MyNeuralODE/data/val/data.h5 directory and stored it in np.stack. Length one Sequence: 1001
INFO:root:Saving figures in path that already exists.
INFO:root:
CreationRNN(
  (rnn): GRU(1, 20, num_layers=2, batch_first=True)
  (o2o): Linear(in_features=20, out_features=10, bias=True)
) 
OdeNet(
  (tanh): Tanh()
  (fc1): Linear(in_features=10, out_features=50, bias=True)
  (fc2): Linear(in_features=50, out_features=50, bias=True)
  (fc3): Linear(in_features=50, out_features=10, bias=True)
) 
Decoder(
  (relu): ReLU(inplace=True)
  (fc1): Linear(in_features=10, out_features=20, bias=True)
  (fc2): Linear(in_features=20, out_features=1, bias=True)
)
INFO:root:Total number of trainable parameters: 7961
INFO:root:
 Starting to train model with N_SAMPLES: 1 | SAMPLE_LEN: 50 | EPOCHS: 100 

INFO:root:Stored ckpt at Models/PredictionRNNckpt.pth
INFO:root:EPOCH: 80 with training loss: 286.6644287109375 | validation loss: 1204.2314453125 | lr: 0.00125
INFO:root:
 Training finished after 89 seconds
INFO:root:Stored ckpt at Models/PredictionRNNckpt.pth
INFO:root:Successfully loaded data from /Users/jan-philippvonbassewitz/Documents/Studium/Semester_6/Bachelor_Thesis/LatentODELorentz/MyNeuralODE/data/test/data.h5 directory and stored it in np.stack. Length one Sequence: 1001
INFO:root:
 REACHED END OF MAIN
INFO:root:Successfully loaded data from /Users/jan-philippvonbassewitz/Documents/Studium/Semester_6/Bachelor_Thesis/LatentODELorentz/MyNeuralODE/data/train/data.h5 directory and stored it in np.stack. Length one Sequence: 1001
INFO:root:Successfully loaded data from /Users/jan-philippvonbassewitz/Documents/Studium/Semester_6/Bachelor_Thesis/LatentODELorentz/MyNeuralODE/data/val/data.h5 directory and stored it in np.stack. Length one Sequence: 1001
INFO:root:
CreationRNN(
  (rnn): GRU(1, 20, num_layers=2, batch_first=True)
  (o2o): Linear(in_features=20, out_features=10, bias=True)
) 
OdeNet(
  (tanh): Tanh()
  (fc1): Linear(in_features=10, out_features=50, bias=True)
  (fc2): Linear(in_features=50, out_features=50, bias=True)
  (fc3): Linear(in_features=50, out_features=10, bias=True)
) 
Decoder(
  (relu): ReLU(inplace=True)
  (fc1): Linear(in_features=10, out_features=20, bias=True)
  (fc2): Linear(in_features=20, out_features=1, bias=True)
)
INFO:root:Total number of trainable parameters: 7961
INFO:root:
 Starting to train model with N_SAMPLES: 10 | SAMPLE_LEN: 50 | EPOCHS: 100 

INFO:root:Successfully loaded data from /Users/jan-philippvonbassewitz/Documents/Studium/Semester_6/Bachelor_Thesis/LatentODELorentz/MyNeuralODE/data/train/data.h5 directory and stored it in np.stack. Length one Sequence: 1001
INFO:root:Successfully loaded data from /Users/jan-philippvonbassewitz/Documents/Studium/Semester_6/Bachelor_Thesis/LatentODELorentz/MyNeuralODE/data/val/data.h5 directory and stored it in np.stack. Length one Sequence: 1001
INFO:root:Saving figures in path that already exists.
INFO:root:
CreationRNN(
  (rnn): GRU(1, 20, num_layers=2, batch_first=True)
  (o2o): Linear(in_features=20, out_features=10, bias=True)
) 
OdeNet(
  (tanh): Tanh()
  (fc1): Linear(in_features=10, out_features=50, bias=True)
  (fc2): Linear(in_features=50, out_features=50, bias=True)
  (fc3): Linear(in_features=50, out_features=10, bias=True)
) 
Decoder(
  (relu): ReLU(inplace=True)
  (fc1): Linear(in_features=10, out_features=20, bias=True)
  (fc2): Linear(in_features=20, out_features=1, bias=True)
)
INFO:root:Total number of trainable parameters: 7961
INFO:root:
 Starting to train model with N_SAMPLES: 10 | SAMPLE_LEN: 50 | EPOCHS: 100 

INFO:root:Successfully loaded data from /Users/jan-philippvonbassewitz/Documents/Studium/Semester_6/Bachelor_Thesis/LatentODELorentz/MyNeuralODE/data/train/data.h5 directory and stored it in np.stack. Length one Sequence: 1001
INFO:root:Successfully loaded data from /Users/jan-philippvonbassewitz/Documents/Studium/Semester_6/Bachelor_Thesis/LatentODELorentz/MyNeuralODE/data/val/data.h5 directory and stored it in np.stack. Length one Sequence: 1001
INFO:root:Saving figures in path that already exists.
INFO:root:
CreationRNN(
  (rnn): GRU(1, 20, num_layers=2, batch_first=True)
  (o2o): Linear(in_features=20, out_features=10, bias=True)
) 
OdeNet(
  (tanh): Tanh()
  (fc1): Linear(in_features=10, out_features=50, bias=True)
  (fc2): Linear(in_features=50, out_features=50, bias=True)
  (fc3): Linear(in_features=50, out_features=10, bias=True)
) 
Decoder(
  (relu): ReLU(inplace=True)
  (fc1): Linear(in_features=10, out_features=20, bias=True)
  (fc2): Linear(in_features=20, out_features=1, bias=True)
)
INFO:root:Total number of trainable parameters: 7961
INFO:root:
 Starting to train model with N_SAMPLES: 10 | SAMPLE_LEN: 50 | EPOCHS: 100 

INFO:root:Successfully loaded data from /Users/jan-philippvonbassewitz/Documents/Studium/Semester_6/Bachelor_Thesis/LatentODELorentz/MyNeuralODE/data/train/data.h5 directory and stored it in np.stack. Length one Sequence: 1001
INFO:root:Successfully loaded data from /Users/jan-philippvonbassewitz/Documents/Studium/Semester_6/Bachelor_Thesis/LatentODELorentz/MyNeuralODE/data/val/data.h5 directory and stored it in np.stack. Length one Sequence: 1001
INFO:root:Saving figures in path that already exists.
INFO:root:
CreationRNN(
  (rnn): GRU(1, 20, num_layers=2, batch_first=True)
  (o2o): Linear(in_features=20, out_features=10, bias=True)
) 
OdeNet(
  (tanh): Tanh()
  (fc1): Linear(in_features=10, out_features=50, bias=True)
  (fc2): Linear(in_features=50, out_features=50, bias=True)
  (fc3): Linear(in_features=50, out_features=10, bias=True)
) 
Decoder(
  (relu): ReLU(inplace=True)
  (fc1): Linear(in_features=10, out_features=20, bias=True)
  (fc2): Linear(in_features=20, out_features=1, bias=True)
)
INFO:root:Total number of trainable parameters: 7961
INFO:root:
 Starting to train model with N_SAMPLES: 10 | SAMPLE_LEN: 50 | EPOCHS: 100 

INFO:root:Successfully loaded data from /Users/jan-philippvonbassewitz/Documents/Studium/Semester_6/Bachelor_Thesis/LatentODELorentz/MyNeuralODE/data/train/data.h5 directory and stored it in np.stack. Length one Sequence: 1001
INFO:root:Successfully loaded data from /Users/jan-philippvonbassewitz/Documents/Studium/Semester_6/Bachelor_Thesis/LatentODELorentz/MyNeuralODE/data/val/data.h5 directory and stored it in np.stack. Length one Sequence: 1001
INFO:root:Saving figures in path that already exists.
INFO:root:
CreationRNN(
  (rnn): GRU(1, 20, num_layers=2, batch_first=True)
  (o2o): Linear(in_features=20, out_features=10, bias=True)
) 
OdeNet(
  (tanh): Tanh()
  (fc1): Linear(in_features=10, out_features=50, bias=True)
  (fc2): Linear(in_features=50, out_features=50, bias=True)
  (fc3): Linear(in_features=50, out_features=10, bias=True)
) 
Decoder(
  (relu): ReLU(inplace=True)
  (fc1): Linear(in_features=10, out_features=20, bias=True)
  (fc2): Linear(in_features=20, out_features=1, bias=True)
)
INFO:root:Total number of trainable parameters: 7961
INFO:root:
 Starting to train model with N_SAMPLES: 10 | SAMPLE_LEN: 50 | EPOCHS: 100 

INFO:root:Successfully loaded data from /Users/jan-philippvonbassewitz/Documents/Studium/Semester_6/Bachelor_Thesis/LatentODELorentz/MyNeuralODE/data/train/data.h5 directory and stored it in np.stack. Length one Sequence: 1001
INFO:root:Successfully loaded data from /Users/jan-philippvonbassewitz/Documents/Studium/Semester_6/Bachelor_Thesis/LatentODELorentz/MyNeuralODE/data/val/data.h5 directory and stored it in np.stack. Length one Sequence: 1001
INFO:root:Saving figures in path that already exists.
INFO:root:
CreationRNN(
  (rnn): GRU(1, 20, num_layers=2, batch_first=True)
  (o2o): Linear(in_features=20, out_features=10, bias=True)
) 
OdeNet(
  (tanh): Tanh()
  (fc1): Linear(in_features=10, out_features=50, bias=True)
  (fc2): Linear(in_features=50, out_features=50, bias=True)
  (fc3): Linear(in_features=50, out_features=10, bias=True)
) 
Decoder(
  (relu): ReLU(inplace=True)
  (fc1): Linear(in_features=10, out_features=20, bias=True)
  (fc2): Linear(in_features=20, out_features=1, bias=True)
)
INFO:root:Total number of trainable parameters: 7961
INFO:root:
 Starting to train model with N_SAMPLES: 10 | SAMPLE_LEN: 50 | EPOCHS: 100 

INFO:root:Successfully loaded data from /Users/jan-philippvonbassewitz/Documents/Studium/Semester_6/Bachelor_Thesis/LatentODELorentz/MyNeuralODE/data/train/data.h5 directory and stored it in np.stack. Length one Sequence: 1001
INFO:root:Successfully loaded data from /Users/jan-philippvonbassewitz/Documents/Studium/Semester_6/Bachelor_Thesis/LatentODELorentz/MyNeuralODE/data/val/data.h5 directory and stored it in np.stack. Length one Sequence: 1001
INFO:root:Saving figures in path that already exists.
INFO:root:
CreationRNN(
  (rnn): GRU(1, 20, num_layers=2, batch_first=True)
  (o2o): Linear(in_features=20, out_features=10, bias=True)
) 
OdeNet(
  (tanh): Tanh()
  (fc1): Linear(in_features=10, out_features=50, bias=True)
  (fc2): Linear(in_features=50, out_features=50, bias=True)
  (fc3): Linear(in_features=50, out_features=10, bias=True)
) 
Decoder(
  (relu): ReLU(inplace=True)
  (fc1): Linear(in_features=10, out_features=20, bias=True)
  (fc2): Linear(in_features=20, out_features=1, bias=True)
)
INFO:root:Total number of trainable parameters: 7961
INFO:root:
 Starting to train model with N_SAMPLES: 10 | SAMPLE_LEN: 50 | EPOCHS: 100 

INFO:root:Stored ckpt at Models/PredictionRNNckpt.pth
INFO:root:EPOCH: 80 with training loss: 127.32450866699219 | validation loss: 133.63917541503906 | lr: 0.00125
INFO:root:
 Training finished after 83 seconds
INFO:root:Stored ckpt at Models/PredictionRNNckpt.pth
INFO:root:Successfully loaded data from /Users/jan-philippvonbassewitz/Documents/Studium/Semester_6/Bachelor_Thesis/LatentODELorentz/MyNeuralODE/data/test/data.h5 directory and stored it in np.stack. Length one Sequence: 1001
INFO:root:
 REACHED END OF MAIN
INFO:root:Successfully loaded data from /Users/jan-philippvonbassewitz/Documents/Studium/Semester_6/Bachelor_Thesis/LatentODELorentz/MyNeuralODE/data/train/data.h5 directory and stored it in np.stack. Length one Sequence: 1001
INFO:root:Successfully loaded data from /Users/jan-philippvonbassewitz/Documents/Studium/Semester_6/Bachelor_Thesis/LatentODELorentz/MyNeuralODE/data/val/data.h5 directory and stored it in np.stack. Length one Sequence: 1001
INFO:root:Saving figures in path that already exists.
INFO:root:
CreationRNN(
  (rnn): GRU(1, 20, num_layers=2, batch_first=True)
  (o2o): Linear(in_features=20, out_features=10, bias=True)
) 
OdeNet(
  (tanh): Tanh()
  (fc1): Linear(in_features=10, out_features=50, bias=True)
  (fc2): Linear(in_features=50, out_features=50, bias=True)
  (fc3): Linear(in_features=50, out_features=10, bias=True)
) 
Decoder(
  (relu): ReLU(inplace=True)
  (fc1): Linear(in_features=10, out_features=20, bias=True)
  (fc2): Linear(in_features=20, out_features=1, bias=True)
)
INFO:root:Total number of trainable parameters: 7961
INFO:root:
 Starting to train model with N_SAMPLES: 1 | SAMPLE_LEN: 50 | EPOCHS: 100 

INFO:root:Stored ckpt at Models/PredictionRNNckpt.pth
INFO:root:EPOCH: 80 with training loss: 14.42819595336914 | validation loss: 138.57440185546875 | lr: 0.005
INFO:root:
 Training finished after 87 seconds
INFO:root:Stored ckpt at Models/PredictionRNNckpt.pth
INFO:root:Successfully loaded data from /Users/jan-philippvonbassewitz/Documents/Studium/Semester_6/Bachelor_Thesis/LatentODELorentz/MyNeuralODE/data/test/data.h5 directory and stored it in np.stack. Length one Sequence: 1001
INFO:root:
 REACHED END OF MAIN
INFO:root:Successfully loaded data from /Users/jan-philippvonbassewitz/Documents/Studium/Semester_6/Bachelor_Thesis/LatentODELorentz/MyNeuralODE/data/train/data.h5 directory and stored it in np.stack. Length one Sequence: 1001
INFO:root:Successfully loaded data from /Users/jan-philippvonbassewitz/Documents/Studium/Semester_6/Bachelor_Thesis/LatentODELorentz/MyNeuralODE/data/val/data.h5 directory and stored it in np.stack. Length one Sequence: 1001
INFO:root:Saving figures in path that already exists.
INFO:root:
CreationRNN(
  (rnn): GRU(1, 20, num_layers=2, batch_first=True)
  (o2o): Linear(in_features=20, out_features=10, bias=True)
) 
OdeNet(
  (tanh): Tanh()
  (fc1): Linear(in_features=10, out_features=50, bias=True)
  (fc2): Linear(in_features=50, out_features=50, bias=True)
  (fc3): Linear(in_features=50, out_features=10, bias=True)
) 
Decoder(
  (relu): ReLU(inplace=True)
  (fc1): Linear(in_features=10, out_features=20, bias=True)
  (fc2): Linear(in_features=20, out_features=1, bias=True)
)
INFO:root:Total number of trainable parameters: 7961
INFO:root:
 Starting to train model with N_SAMPLES: 10 | SAMPLE_LEN: 50 | EPOCHS: 100 

INFO:root:Stored ckpt at Models/PredictionRNNckpt.pth
INFO:root:EPOCH: 80 with training loss: 118.46256256103516 | validation loss: 118.087890625 | lr: 0.001
INFO:root:
 Training finished after 76 seconds
INFO:root:Stored ckpt at Models/PredictionRNNckpt.pth
INFO:root:Successfully loaded data from /Users/jan-philippvonbassewitz/Documents/Studium/Semester_6/Bachelor_Thesis/LatentODELorentz/MyNeuralODE/data/test/data.h5 directory and stored it in np.stack. Length one Sequence: 1001
INFO:root:
 REACHED END OF MAIN
INFO:root:Successfully loaded data from /Users/jan-philippvonbassewitz/Documents/Studium/Semester_6/Bachelor_Thesis/LatentODELorentz/MyNeuralODE/data/train/data.h5 directory and stored it in np.stack. Length one Sequence: 1001
INFO:root:Successfully loaded data from /Users/jan-philippvonbassewitz/Documents/Studium/Semester_6/Bachelor_Thesis/LatentODELorentz/MyNeuralODE/data/val/data.h5 directory and stored it in np.stack. Length one Sequence: 1001
INFO:root:Saving figures in path that already exists.
INFO:root:
CreationRNN(
  (rnn): GRU(1, 20, num_layers=2, batch_first=True)
  (o2o): Linear(in_features=20, out_features=10, bias=True)
) 
OdeNet(
  (tanh): Tanh()
  (fc1): Linear(in_features=10, out_features=50, bias=True)
  (fc2): Linear(in_features=50, out_features=50, bias=True)
  (fc3): Linear(in_features=50, out_features=10, bias=True)
) 
Decoder(
  (relu): ReLU(inplace=True)
  (fc1): Linear(in_features=10, out_features=20, bias=True)
  (fc2): Linear(in_features=20, out_features=1, bias=True)
)
INFO:root:Total number of trainable parameters: 7961
INFO:root:
 Starting to train model with N_SAMPLES: 10 | SAMPLE_LEN: 50 | EPOCHS: 100 

INFO:root:Stored ckpt at Models/PredictionRNNckpt.pth
INFO:root:EPOCH: 80 with training loss: 122.73329162597656 | validation loss: 125.00787353515625 | lr: 0.0001
INFO:root:
 Training finished after 74 seconds
INFO:root:Stored ckpt at Models/PredictionRNNckpt.pth
INFO:root:Successfully loaded data from /Users/jan-philippvonbassewitz/Documents/Studium/Semester_6/Bachelor_Thesis/LatentODELorentz/MyNeuralODE/data/test/data.h5 directory and stored it in np.stack. Length one Sequence: 1001
INFO:root:
 REACHED END OF MAIN
INFO:root:Successfully loaded data from /Users/jan-philippvonbassewitz/Documents/Studium/Semester_6/Bachelor_Thesis/LatentODELorentz/MyNeuralODE/data/train/data.h5 directory and stored it in np.stack. Length one Sequence: 1001
INFO:root:Successfully loaded data from /Users/jan-philippvonbassewitz/Documents/Studium/Semester_6/Bachelor_Thesis/LatentODELorentz/MyNeuralODE/data/val/data.h5 directory and stored it in np.stack. Length one Sequence: 1001
INFO:root:Saving figures in path that already exists.
INFO:root:
CreationRNN(
  (rnn): GRU(1, 20, num_layers=2, batch_first=True)
  (o2o): Linear(in_features=20, out_features=10, bias=True)
) 
OdeNet(
  (tanh): Tanh()
  (fc1): Linear(in_features=10, out_features=50, bias=True)
  (fc2): Linear(in_features=50, out_features=50, bias=True)
  (fc3): Linear(in_features=50, out_features=10, bias=True)
) 
Decoder(
  (relu): ReLU(inplace=True)
  (fc1): Linear(in_features=10, out_features=20, bias=True)
  (fc2): Linear(in_features=20, out_features=1, bias=True)
)
INFO:root:Total number of trainable parameters: 7961
INFO:root:
 Starting to train model with N_SAMPLES: 10 | SAMPLE_LEN: 50 | EPOCHS: 100 

INFO:root:Stored ckpt at Models/PredictionRNNckpt.pth
INFO:root:EPOCH: 80 with training loss: 17358.01171875 | validation loss: 17711.615234375 | lr: 0.0001
INFO:root:
 Training finished after 86 seconds
INFO:root:Stored ckpt at Models/PredictionRNNckpt.pth
INFO:root:Successfully loaded data from /Users/jan-philippvonbassewitz/Documents/Studium/Semester_6/Bachelor_Thesis/LatentODELorentz/MyNeuralODE/data/test/data.h5 directory and stored it in np.stack. Length one Sequence: 1001
INFO:root:
 REACHED END OF MAIN
INFO:root:Successfully loaded data from /Users/jan-philippvonbassewitz/Documents/Studium/Semester_6/Bachelor_Thesis/LatentODELorentz/MyNeuralODE/data/train/data.h5 directory and stored it in np.stack. Length one Sequence: 1001
INFO:root:Successfully loaded data from /Users/jan-philippvonbassewitz/Documents/Studium/Semester_6/Bachelor_Thesis/LatentODELorentz/MyNeuralODE/data/val/data.h5 directory and stored it in np.stack. Length one Sequence: 1001
INFO:root:Saving figures in path that already exists.
INFO:root:
CreationRNN(
  (rnn): GRU(1, 20, num_layers=2, batch_first=True)
  (o2o): Linear(in_features=20, out_features=10, bias=True)
) 
OdeNet(
  (tanh): Tanh()
  (fc1): Linear(in_features=10, out_features=50, bias=True)
  (fc2): Linear(in_features=50, out_features=50, bias=True)
  (fc3): Linear(in_features=50, out_features=10, bias=True)
) 
Decoder(
  (relu): ReLU(inplace=True)
  (fc1): Linear(in_features=10, out_features=20, bias=True)
  (fc2): Linear(in_features=20, out_features=1, bias=True)
)
INFO:root:Total number of trainable parameters: 7961
INFO:root:
 Starting to train model with N_SAMPLES: 10 | SAMPLE_LEN: 50 | EPOCHS: 100 

INFO:root:Stored ckpt at Models/PredictionRNNckpt.pth
INFO:root:EPOCH: 80 with training loss: 111.99827575683594 | validation loss: 133.2665557861328 | lr: 0.01
INFO:root:
 Training finished after 85 seconds
INFO:root:Stored ckpt at Models/PredictionRNNckpt.pth
INFO:root:Successfully loaded data from /Users/jan-philippvonbassewitz/Documents/Studium/Semester_6/Bachelor_Thesis/LatentODELorentz/MyNeuralODE/data/test/data.h5 directory and stored it in np.stack. Length one Sequence: 1001
INFO:root:
 REACHED END OF MAIN
INFO:root:Successfully loaded data from /Users/jan-philippvonbassewitz/Documents/Studium/Semester_6/Bachelor_Thesis/LatentODELorentz/MyNeuralODE/data/train/data.h5 directory and stored it in np.stack. Length one Sequence: 1001
INFO:root:Successfully loaded data from /Users/jan-philippvonbassewitz/Documents/Studium/Semester_6/Bachelor_Thesis/LatentODELorentz/MyNeuralODE/data/val/data.h5 directory and stored it in np.stack. Length one Sequence: 1001
INFO:root:Saving figures in path that already exists.
INFO:root:
CreationRNN(
  (rnn): GRU(1, 20, num_layers=2, batch_first=True)
  (o2o): Linear(in_features=20, out_features=10, bias=True)
) 
OdeNet(
  (tanh): Tanh()
  (fc1): Linear(in_features=10, out_features=50, bias=True)
  (fc2): Linear(in_features=50, out_features=50, bias=True)
  (fc3): Linear(in_features=50, out_features=10, bias=True)
) 
Decoder(
  (relu): ReLU(inplace=True)
  (fc1): Linear(in_features=10, out_features=20, bias=True)
  (fc2): Linear(in_features=20, out_features=1, bias=True)
)
INFO:root:Total number of trainable parameters: 7961
INFO:root:
 Starting to train model with N_SAMPLES: 10 | SAMPLE_LEN: 50 | EPOCHS: 100 

INFO:root:Stored ckpt at Models/PredictionRNNckpt.pth
INFO:root:EPOCH: 80 with training loss: 122.06993103027344 | validation loss: 130.40109252929688 | lr: 0.1
INFO:root:
 Training finished after 810 seconds
INFO:root:Stored ckpt at Models/PredictionRNNckpt.pth
INFO:root:Successfully loaded data from /Users/jan-philippvonbassewitz/Documents/Studium/Semester_6/Bachelor_Thesis/LatentODELorentz/MyNeuralODE/data/test/data.h5 directory and stored it in np.stack. Length one Sequence: 1001
INFO:root:
 REACHED END OF MAIN
