2021-04-09 14:12:13,471:__init__:INFO:
 Constructed 3D Lorenz dataset with: 
2021-04-09 14:12:13,471:__init__:INFO:   lookahead: 0 | tau: 1 | k: 8
2021-04-09 14:12:13,471:__init__:INFO:size of histories: torch.Size([983, 8, 3]) | size of futures: torch.Size([983, 1, 3])
2021-04-09 14:12:13,485:__init__:INFO:
 Constructed 3D Lorenz dataset with: 
2021-04-09 14:12:13,485:__init__:INFO:   lookahead: 0 | tau: 1 | k: 8
2021-04-09 14:12:13,485:__init__:INFO:size of histories: torch.Size([983, 8, 3]) | size of futures: torch.Size([983, 1, 3])
2021-04-09 14:12:39,049:__init__:INFO:
 Constructed 3D Lorenz dataset with: 
2021-04-09 14:12:39,050:__init__:INFO:   lookahead: 0 | tau: 1 | k: 8
2021-04-09 14:12:39,050:__init__:INFO:size of histories: torch.Size([983, 8, 3]) | size of futures: torch.Size([983, 1, 3])

2021-04-09 14:12:39,068:__init__:INFO:
 Constructed 3D Lorenz dataset with: 
2021-04-09 14:12:39,068:__init__:INFO:   lookahead: 0 | tau: 1 | k: 8
2021-04-09 14:12:39,068:__init__:INFO:size of histories: torch.Size([983, 8, 3]) | size of futures: torch.Size([983, 1, 3])

2021-04-09 14:14:43,803:__init__:INFO:
 Constructed 3D Lorenz dataset with: 
2021-04-09 14:14:43,803:__init__:INFO:   lookahead: 0 | tau: 1 | k: 8
2021-04-09 14:14:43,803:__init__:INFO:size of histories: torch.Size([983, 8, 3]) | size of futures: torch.Size([983, 1, 3])

2021-04-09 14:14:43,815:__init__:INFO:
 Constructed 3D Lorenz dataset with: 
2021-04-09 14:14:43,815:__init__:INFO:   lookahead: 0 | tau: 1 | k: 8
2021-04-09 14:14:43,816:__init__:INFO:size of histories: torch.Size([983, 8, 3]) | size of futures: torch.Size([983, 1, 3])

2021-04-09 14:17:17,247:__init__:INFO:
 Constructed 3D Lorenz dataset with: 
2021-04-09 14:17:17,247:__init__:INFO:   lookahead: 50 | tau: 1 | k: 8
2021-04-09 14:17:17,247:__init__:INFO:size of histories: torch.Size([933, 8, 3]) | size of futures: torch.Size([933, 51, 3])

2021-04-09 14:17:36,203:__init__:INFO:
 Constructed 3D Lorenz dataset with: 
2021-04-09 14:17:36,204:__init__:INFO:   lookahead: 50 | tau: 1 | k: 8
2021-04-09 14:17:36,204:__init__:INFO:size of histories: torch.Size([933, 8, 3]) | size of futures: torch.Size([933, 51, 3])

2021-04-09 14:17:46,713:__init__:INFO:
 Constructed 3D Lorenz dataset with: 
2021-04-09 14:17:46,713:__init__:INFO:   lookahead: 50 | tau: 1 | k: 8
2021-04-09 14:17:46,713:__init__:INFO:size of histories: torch.Size([933, 8, 3]) | size of futures: torch.Size([933, 51, 3])

2021-04-09 14:58:24,709:__init__:INFO:
 Constructed 3D Lorenz dataset with: 
2021-04-09 14:58:24,710:__init__:INFO:   lookahead: 0 | tau: 1 | k: 8
2021-04-09 14:58:24,710:__init__:INFO:size of histories: torch.Size([983, 8, 3]) | size of futures: torch.Size([983, 1, 3])

2021-04-09 14:58:24,724:__init__:INFO:
 Constructed 3D Lorenz dataset with: 
2021-04-09 14:58:24,724:__init__:INFO:   lookahead: 0 | tau: 1 | k: 8
2021-04-09 14:58:24,724:__init__:INFO:size of histories: torch.Size([983, 8, 3]) | size of futures: torch.Size([983, 1, 3])

2021-04-09 15:00:50,206:__init__:INFO:
 Constructed 3D Lorenz dataset with: 
2021-04-09 15:00:50,206:__init__:INFO:   lookahead: 0 | tau: 1 | k: 8
2021-04-09 15:00:50,206:__init__:INFO:size of histories: torch.Size([983, 8, 3]) | size of futures: torch.Size([983, 1, 3])

2021-04-09 15:00:50,220:__init__:INFO:
 Constructed 3D Lorenz dataset with: 
2021-04-09 15:00:50,220:__init__:INFO:   lookahead: 0 | tau: 1 | k: 8
2021-04-09 15:00:50,221:__init__:INFO:size of histories: torch.Size([983, 8, 3]) | size of futures: torch.Size([983, 1, 3])

2021-04-09 15:01:16,262:__init__:INFO:
 Constructed 3D Lorenz dataset with: 
2021-04-09 15:01:16,263:__init__:INFO:   lookahead: 0 | tau: 1 | k: 8
2021-04-09 15:01:16,263:__init__:INFO:size of histories: torch.Size([983, 8, 3]) | size of futures: torch.Size([983, 1, 3])

2021-04-09 15:01:16,278:__init__:INFO:
 Constructed 3D Lorenz dataset with: 
2021-04-09 15:01:16,278:__init__:INFO:   lookahead: 0 | tau: 1 | k: 8
2021-04-09 15:01:16,278:__init__:INFO:size of histories: torch.Size([983, 8, 3]) | size of futures: torch.Size([983, 1, 3])

2021-04-09 15:02:50,886:__init__:INFO:
 Constructed 3D Lorenz dataset with: 
2021-04-09 15:02:50,886:__init__:INFO:   lookahead: 0 | tau: 1 | k: 8
2021-04-09 15:02:50,887:__init__:INFO:size of histories: torch.Size([983, 8, 3]) | size of futures: torch.Size([983, 1, 3])

2021-04-09 15:02:50,901:__init__:INFO:
 Constructed 3D Lorenz dataset with: 
2021-04-09 15:02:50,901:__init__:INFO:   lookahead: 0 | tau: 1 | k: 8
2021-04-09 15:02:50,901:__init__:INFO:size of histories: torch.Size([983, 8, 3]) | size of futures: torch.Size([983, 1, 3])

2021-04-09 15:02:52,629:save_models:INFO:Stored ckpt at /Users/jan-philippvonbassewitz/Documents/Studium/Semester_6/Bachelor_Thesis/LatentODELorentz/MyNeuralODE/IdentifyIC/models/3DLorenzmodelmodel0.pth
2021-04-09 15:02:55,793:save_models:INFO:Stored ckpt at /Users/jan-philippvonbassewitz/Documents/Studium/Semester_6/Bachelor_Thesis/LatentODELorentz/MyNeuralODE/IdentifyIC/models/3DLorenzmodelmodel0.pth
2021-04-09 15:02:59,434:save_models:INFO:Stored ckpt at /Users/jan-philippvonbassewitz/Documents/Studium/Semester_6/Bachelor_Thesis/LatentODELorentz/MyNeuralODE/IdentifyIC/models/3DLorenzmodelmodel0.pth
2021-04-09 15:03:03,423:save_models:INFO:Stored ckpt at /Users/jan-philippvonbassewitz/Documents/Studium/Semester_6/Bachelor_Thesis/LatentODELorentz/MyNeuralODE/IdentifyIC/models/3DLorenzmodelmodel0.pth
2021-04-09 15:03:07,105:save_models:INFO:Stored ckpt at /Users/jan-philippvonbassewitz/Documents/Studium/Semester_6/Bachelor_Thesis/LatentODELorentz/MyNeuralODE/IdentifyIC/models/3DLorenzmodelmodel0.pth
2021-04-09 15:03:10,239:save_models:INFO:Stored ckpt at /Users/jan-philippvonbassewitz/Documents/Studium/Semester_6/Bachelor_Thesis/LatentODELorentz/MyNeuralODE/IdentifyIC/models/3DLorenzmodelmodel0.pth
2021-04-09 15:03:13,561:save_models:INFO:Stored ckpt at /Users/jan-philippvonbassewitz/Documents/Studium/Semester_6/Bachelor_Thesis/LatentODELorentz/MyNeuralODE/IdentifyIC/models/3DLorenzmodelmodel0.pth
2021-04-09 15:03:16,771:save_models:INFO:Stored ckpt at /Users/jan-philippvonbassewitz/Documents/Studium/Semester_6/Bachelor_Thesis/LatentODELorentz/MyNeuralODE/IdentifyIC/models/3DLorenzmodelmodel0.pth
2021-04-09 15:03:19,921:save_models:INFO:Stored ckpt at /Users/jan-philippvonbassewitz/Documents/Studium/Semester_6/Bachelor_Thesis/LatentODELorentz/MyNeuralODE/IdentifyIC/models/3DLorenzmodelmodel0.pth
2021-04-09 15:03:23,248:save_models:INFO:Stored ckpt at /Users/jan-philippvonbassewitz/Documents/Studium/Semester_6/Bachelor_Thesis/LatentODELorentz/MyNeuralODE/IdentifyIC/models/3DLorenzmodelmodel0.pth
2021-04-09 15:03:26,363:save_models:INFO:Stored ckpt at /Users/jan-philippvonbassewitz/Documents/Studium/Semester_6/Bachelor_Thesis/LatentODELorentz/MyNeuralODE/IdentifyIC/models/3DLorenzmodelmodel0.pth
2021-04-09 15:03:29,682:save_models:INFO:Stored ckpt at /Users/jan-philippvonbassewitz/Documents/Studium/Semester_6/Bachelor_Thesis/LatentODELorentz/MyNeuralODE/IdentifyIC/models/3DLorenzmodelmodel0.pth
2021-04-09 15:03:33,292:save_models:INFO:Stored ckpt at /Users/jan-philippvonbassewitz/Documents/Studium/Semester_6/Bachelor_Thesis/LatentODELorentz/MyNeuralODE/IdentifyIC/models/3DLorenzmodelmodel0.pth
2021-04-09 15:03:36,869:save_models:INFO:Stored ckpt at /Users/jan-philippvonbassewitz/Documents/Studium/Semester_6/Bachelor_Thesis/LatentODELorentz/MyNeuralODE/IdentifyIC/models/3DLorenzmodelmodel0.pth
2021-04-09 15:03:39,964:save_models:INFO:Stored ckpt at /Users/jan-philippvonbassewitz/Documents/Studium/Semester_6/Bachelor_Thesis/LatentODELorentz/MyNeuralODE/IdentifyIC/models/3DLorenzmodelmodel0.pth
2021-04-09 15:03:41,577:save_models:INFO:Stored ckpt at /Users/jan-philippvonbassewitz/Documents/Studium/Semester_6/Bachelor_Thesis/LatentODELorentz/MyNeuralODE/IdentifyIC/models/3DLorenzmodelmodel0.pth
2021-04-09 15:03:41,619:__init__:INFO:
 Constructed 3D Lorenz dataset with: 
2021-04-09 15:03:41,619:__init__:INFO:   lookahead: 50 | tau: 1 | k: 8
2021-04-09 15:03:41,619:__init__:INFO:size of histories: torch.Size([933, 8, 3]) | size of futures: torch.Size([933, 51, 3])

2021-04-09 15:06:23,667:__init__:INFO:
 Constructed 3D Lorenz dataset with: 
2021-04-09 15:06:23,667:__init__:INFO:   lookahead: 0 | tau: 1 | k: 8
2021-04-09 15:06:23,667:__init__:INFO:size of histories: torch.Size([983, 8, 3]) | size of futures: torch.Size([983, 1, 3])

2021-04-09 15:06:23,681:__init__:INFO:
 Constructed 3D Lorenz dataset with: 
2021-04-09 15:06:23,681:__init__:INFO:   lookahead: 0 | tau: 1 | k: 8
2021-04-09 15:06:23,681:__init__:INFO:size of histories: torch.Size([983, 8, 3]) | size of futures: torch.Size([983, 1, 3])

2021-04-09 15:06:25,137:save_models:INFO:Stored ckpt at /Users/jan-philippvonbassewitz/Documents/Studium/Semester_6/Bachelor_Thesis/LatentODELorentz/MyNeuralODE/IdentifyIC/models/3DLorenzmodelmodel0.pth
2021-04-09 15:06:27,969:save_models:INFO:Stored ckpt at /Users/jan-philippvonbassewitz/Documents/Studium/Semester_6/Bachelor_Thesis/LatentODELorentz/MyNeuralODE/IdentifyIC/models/3DLorenzmodelmodel0.pth
2021-04-09 15:06:30,828:save_models:INFO:Stored ckpt at /Users/jan-philippvonbassewitz/Documents/Studium/Semester_6/Bachelor_Thesis/LatentODELorentz/MyNeuralODE/IdentifyIC/models/3DLorenzmodelmodel0.pth
2021-04-09 15:06:33,815:save_models:INFO:Stored ckpt at /Users/jan-philippvonbassewitz/Documents/Studium/Semester_6/Bachelor_Thesis/LatentODELorentz/MyNeuralODE/IdentifyIC/models/3DLorenzmodelmodel0.pth
2021-04-09 15:06:36,673:save_models:INFO:Stored ckpt at /Users/jan-philippvonbassewitz/Documents/Studium/Semester_6/Bachelor_Thesis/LatentODELorentz/MyNeuralODE/IdentifyIC/models/3DLorenzmodelmodel0.pth
2021-04-09 15:06:39,536:save_models:INFO:Stored ckpt at /Users/jan-philippvonbassewitz/Documents/Studium/Semester_6/Bachelor_Thesis/LatentODELorentz/MyNeuralODE/IdentifyIC/models/3DLorenzmodelmodel0.pth
2021-04-09 15:06:42,523:save_models:INFO:Stored ckpt at /Users/jan-philippvonbassewitz/Documents/Studium/Semester_6/Bachelor_Thesis/LatentODELorentz/MyNeuralODE/IdentifyIC/models/3DLorenzmodelmodel0.pth
2021-04-09 15:06:45,621:save_models:INFO:Stored ckpt at /Users/jan-philippvonbassewitz/Documents/Studium/Semester_6/Bachelor_Thesis/LatentODELorentz/MyNeuralODE/IdentifyIC/models/3DLorenzmodelmodel0.pth
2021-04-09 15:06:48,498:save_models:INFO:Stored ckpt at /Users/jan-philippvonbassewitz/Documents/Studium/Semester_6/Bachelor_Thesis/LatentODELorentz/MyNeuralODE/IdentifyIC/models/3DLorenzmodelmodel0.pth
2021-04-09 15:06:51,986:save_models:INFO:Stored ckpt at /Users/jan-philippvonbassewitz/Documents/Studium/Semester_6/Bachelor_Thesis/LatentODELorentz/MyNeuralODE/IdentifyIC/models/3DLorenzmodelmodel0.pth
2021-04-09 15:06:53,887:save_models:INFO:Stored ckpt at /Users/jan-philippvonbassewitz/Documents/Studium/Semester_6/Bachelor_Thesis/LatentODELorentz/MyNeuralODE/IdentifyIC/models/3DLorenzmodelmodel0.pth
2021-04-09 15:06:53,934:__init__:INFO:
 Constructed 3D Lorenz dataset with: 
2021-04-09 15:06:53,934:__init__:INFO:   lookahead: 50 | tau: 1 | k: 8
2021-04-09 15:06:53,934:__init__:INFO:size of histories: torch.Size([933, 8, 3]) | size of futures: torch.Size([933, 51, 3])

2021-04-09 15:08:06,282:__init__:INFO:
 Constructed 3D Lorenz dataset with: 
2021-04-09 15:08:06,283:__init__:INFO:   lookahead: 0 | tau: 1 | k: 8
2021-04-09 15:08:06,283:__init__:INFO:size of histories: torch.Size([983, 8, 3]) | size of futures: torch.Size([983, 1, 3])

2021-04-09 15:08:06,298:__init__:INFO:
 Constructed 3D Lorenz dataset with: 
2021-04-09 15:08:06,298:__init__:INFO:   lookahead: 0 | tau: 1 | k: 8
2021-04-09 15:08:06,298:__init__:INFO:size of histories: torch.Size([983, 8, 3]) | size of futures: torch.Size([983, 1, 3])

2021-04-09 15:08:07,770:save_models:INFO:Stored ckpt at /Users/jan-philippvonbassewitz/Documents/Studium/Semester_6/Bachelor_Thesis/LatentODELorentz/MyNeuralODE/IdentifyIC/models/3DLorenzmodelmodel0.pth
2021-04-09 15:08:10,754:save_models:INFO:Stored ckpt at /Users/jan-philippvonbassewitz/Documents/Studium/Semester_6/Bachelor_Thesis/LatentODELorentz/MyNeuralODE/IdentifyIC/models/3DLorenzmodelmodel0.pth
2021-04-09 15:08:13,734:save_models:INFO:Stored ckpt at /Users/jan-philippvonbassewitz/Documents/Studium/Semester_6/Bachelor_Thesis/LatentODELorentz/MyNeuralODE/IdentifyIC/models/3DLorenzmodelmodel0.pth
2021-04-09 15:08:16,603:save_models:INFO:Stored ckpt at /Users/jan-philippvonbassewitz/Documents/Studium/Semester_6/Bachelor_Thesis/LatentODELorentz/MyNeuralODE/IdentifyIC/models/3DLorenzmodelmodel0.pth
2021-04-09 15:08:19,601:save_models:INFO:Stored ckpt at /Users/jan-philippvonbassewitz/Documents/Studium/Semester_6/Bachelor_Thesis/LatentODELorentz/MyNeuralODE/IdentifyIC/models/3DLorenzmodelmodel0.pth
2021-04-09 15:08:22,497:save_models:INFO:Stored ckpt at /Users/jan-philippvonbassewitz/Documents/Studium/Semester_6/Bachelor_Thesis/LatentODELorentz/MyNeuralODE/IdentifyIC/models/3DLorenzmodelmodel0.pth
2021-04-09 15:08:25,486:save_models:INFO:Stored ckpt at /Users/jan-philippvonbassewitz/Documents/Studium/Semester_6/Bachelor_Thesis/LatentODELorentz/MyNeuralODE/IdentifyIC/models/3DLorenzmodelmodel0.pth
2021-04-09 15:08:28,717:save_models:INFO:Stored ckpt at /Users/jan-philippvonbassewitz/Documents/Studium/Semester_6/Bachelor_Thesis/LatentODELorentz/MyNeuralODE/IdentifyIC/models/3DLorenzmodelmodel0.pth
2021-04-09 15:08:31,832:save_models:INFO:Stored ckpt at /Users/jan-philippvonbassewitz/Documents/Studium/Semester_6/Bachelor_Thesis/LatentODELorentz/MyNeuralODE/IdentifyIC/models/3DLorenzmodelmodel0.pth
2021-04-09 15:08:35,316:save_models:INFO:Stored ckpt at /Users/jan-philippvonbassewitz/Documents/Studium/Semester_6/Bachelor_Thesis/LatentODELorentz/MyNeuralODE/IdentifyIC/models/3DLorenzmodelmodel0.pth
2021-04-09 15:08:36,980:save_models:INFO:Stored ckpt at /Users/jan-philippvonbassewitz/Documents/Studium/Semester_6/Bachelor_Thesis/LatentODELorentz/MyNeuralODE/IdentifyIC/models/3DLorenzmodelmodel0.pth
2021-04-09 15:08:37,025:__init__:INFO:
 Constructed 3D Lorenz dataset with: 
2021-04-09 15:08:37,025:__init__:INFO:   lookahead: 50 | tau: 1 | k: 8
2021-04-09 15:08:37,025:__init__:INFO:size of histories: torch.Size([933, 8, 3]) | size of futures: torch.Size([933, 51, 3])

2021-04-09 15:08:50,302:__init__:INFO:
 Constructed 3D Lorenz dataset with: 
2021-04-09 15:08:50,302:__init__:INFO:   lookahead: 0 | tau: 1 | k: 8
2021-04-09 15:08:50,303:__init__:INFO:size of histories: torch.Size([983, 8, 3]) | size of futures: torch.Size([983, 1, 3])

2021-04-09 15:08:50,315:__init__:INFO:
 Constructed 3D Lorenz dataset with: 
2021-04-09 15:08:50,315:__init__:INFO:   lookahead: 0 | tau: 1 | k: 8
2021-04-09 15:08:50,315:__init__:INFO:size of histories: torch.Size([983, 8, 3]) | size of futures: torch.Size([983, 1, 3])

2021-04-09 15:08:51,929:save_models:INFO:Stored ckpt at /Users/jan-philippvonbassewitz/Documents/Studium/Semester_6/Bachelor_Thesis/LatentODELorentz/MyNeuralODE/IdentifyIC/models/3DLorenzmodelmodel0.pth
2021-04-09 15:08:54,955:save_models:INFO:Stored ckpt at /Users/jan-philippvonbassewitz/Documents/Studium/Semester_6/Bachelor_Thesis/LatentODELorentz/MyNeuralODE/IdentifyIC/models/3DLorenzmodelmodel0.pth
2021-04-09 15:09:01,772:__init__:INFO:
 Constructed 3D Lorenz dataset with: 
2021-04-09 15:09:01,772:__init__:INFO:   lookahead: 0 | tau: 1 | k: 8
2021-04-09 15:09:01,773:__init__:INFO:size of histories: torch.Size([983, 8, 3]) | size of futures: torch.Size([983, 1, 3])

2021-04-09 15:09:01,787:__init__:INFO:
 Constructed 3D Lorenz dataset with: 
2021-04-09 15:09:01,787:__init__:INFO:   lookahead: 0 | tau: 1 | k: 8
2021-04-09 15:09:01,787:__init__:INFO:size of histories: torch.Size([983, 8, 3]) | size of futures: torch.Size([983, 1, 3])

2021-04-09 15:09:03,726:save_models:INFO:Stored ckpt at /Users/jan-philippvonbassewitz/Documents/Studium/Semester_6/Bachelor_Thesis/LatentODELorentz/MyNeuralODE/IdentifyIC/models/3DLorenzmodelmodel0.pth
2021-04-09 15:09:07,392:save_models:INFO:Stored ckpt at /Users/jan-philippvonbassewitz/Documents/Studium/Semester_6/Bachelor_Thesis/LatentODELorentz/MyNeuralODE/IdentifyIC/models/3DLorenzmodelmodel0.pth
2021-04-09 15:09:11,960:save_models:INFO:Stored ckpt at /Users/jan-philippvonbassewitz/Documents/Studium/Semester_6/Bachelor_Thesis/LatentODELorentz/MyNeuralODE/IdentifyIC/models/3DLorenzmodelmodel0.pth
2021-04-09 15:09:15,387:save_models:INFO:Stored ckpt at /Users/jan-philippvonbassewitz/Documents/Studium/Semester_6/Bachelor_Thesis/LatentODELorentz/MyNeuralODE/IdentifyIC/models/3DLorenzmodelmodel0.pth
2021-04-09 15:09:18,759:save_models:INFO:Stored ckpt at /Users/jan-philippvonbassewitz/Documents/Studium/Semester_6/Bachelor_Thesis/LatentODELorentz/MyNeuralODE/IdentifyIC/models/3DLorenzmodelmodel0.pth
2021-04-09 15:09:21,773:save_models:INFO:Stored ckpt at /Users/jan-philippvonbassewitz/Documents/Studium/Semester_6/Bachelor_Thesis/LatentODELorentz/MyNeuralODE/IdentifyIC/models/3DLorenzmodelmodel0.pth
2021-04-09 15:09:24,810:save_models:INFO:Stored ckpt at /Users/jan-philippvonbassewitz/Documents/Studium/Semester_6/Bachelor_Thesis/LatentODELorentz/MyNeuralODE/IdentifyIC/models/3DLorenzmodelmodel0.pth
2021-04-09 15:09:28,048:save_models:INFO:Stored ckpt at /Users/jan-philippvonbassewitz/Documents/Studium/Semester_6/Bachelor_Thesis/LatentODELorentz/MyNeuralODE/IdentifyIC/models/3DLorenzmodelmodel0.pth
2021-04-09 15:09:31,152:save_models:INFO:Stored ckpt at /Users/jan-philippvonbassewitz/Documents/Studium/Semester_6/Bachelor_Thesis/LatentODELorentz/MyNeuralODE/IdentifyIC/models/3DLorenzmodelmodel0.pth
2021-04-09 15:09:34,471:save_models:INFO:Stored ckpt at /Users/jan-philippvonbassewitz/Documents/Studium/Semester_6/Bachelor_Thesis/LatentODELorentz/MyNeuralODE/IdentifyIC/models/3DLorenzmodelmodel0.pth
2021-04-09 15:09:37,469:save_models:INFO:Stored ckpt at /Users/jan-philippvonbassewitz/Documents/Studium/Semester_6/Bachelor_Thesis/LatentODELorentz/MyNeuralODE/IdentifyIC/models/3DLorenzmodelmodel0.pth
2021-04-09 15:09:40,723:save_models:INFO:Stored ckpt at /Users/jan-philippvonbassewitz/Documents/Studium/Semester_6/Bachelor_Thesis/LatentODELorentz/MyNeuralODE/IdentifyIC/models/3DLorenzmodelmodel0.pth
2021-04-09 15:09:44,288:save_models:INFO:Stored ckpt at /Users/jan-philippvonbassewitz/Documents/Studium/Semester_6/Bachelor_Thesis/LatentODELorentz/MyNeuralODE/IdentifyIC/models/3DLorenzmodelmodel0.pth
2021-04-09 15:09:47,470:save_models:INFO:Stored ckpt at /Users/jan-philippvonbassewitz/Documents/Studium/Semester_6/Bachelor_Thesis/LatentODELorentz/MyNeuralODE/IdentifyIC/models/3DLorenzmodelmodel0.pth
2021-04-09 15:09:51,003:save_models:INFO:Stored ckpt at /Users/jan-philippvonbassewitz/Documents/Studium/Semester_6/Bachelor_Thesis/LatentODELorentz/MyNeuralODE/IdentifyIC/models/3DLorenzmodelmodel0.pth
2021-04-09 15:09:54,548:save_models:INFO:Stored ckpt at /Users/jan-philippvonbassewitz/Documents/Studium/Semester_6/Bachelor_Thesis/LatentODELorentz/MyNeuralODE/IdentifyIC/models/3DLorenzmodelmodel0.pth
2021-04-09 15:09:58,002:save_models:INFO:Stored ckpt at /Users/jan-philippvonbassewitz/Documents/Studium/Semester_6/Bachelor_Thesis/LatentODELorentz/MyNeuralODE/IdentifyIC/models/3DLorenzmodelmodel0.pth
2021-04-09 15:10:01,432:save_models:INFO:Stored ckpt at /Users/jan-philippvonbassewitz/Documents/Studium/Semester_6/Bachelor_Thesis/LatentODELorentz/MyNeuralODE/IdentifyIC/models/3DLorenzmodelmodel0.pth
2021-04-09 15:10:04,590:save_models:INFO:Stored ckpt at /Users/jan-philippvonbassewitz/Documents/Studium/Semester_6/Bachelor_Thesis/LatentODELorentz/MyNeuralODE/IdentifyIC/models/3DLorenzmodelmodel0.pth
2021-04-09 15:10:07,655:save_models:INFO:Stored ckpt at /Users/jan-philippvonbassewitz/Documents/Studium/Semester_6/Bachelor_Thesis/LatentODELorentz/MyNeuralODE/IdentifyIC/models/3DLorenzmodelmodel0.pth
2021-04-09 15:10:11,013:save_models:INFO:Stored ckpt at /Users/jan-philippvonbassewitz/Documents/Studium/Semester_6/Bachelor_Thesis/LatentODELorentz/MyNeuralODE/IdentifyIC/models/3DLorenzmodelmodel0.pth
2021-04-09 15:10:14,062:save_models:INFO:Stored ckpt at /Users/jan-philippvonbassewitz/Documents/Studium/Semester_6/Bachelor_Thesis/LatentODELorentz/MyNeuralODE/IdentifyIC/models/3DLorenzmodelmodel0.pth
2021-04-09 15:10:17,337:save_models:INFO:Stored ckpt at /Users/jan-philippvonbassewitz/Documents/Studium/Semester_6/Bachelor_Thesis/LatentODELorentz/MyNeuralODE/IdentifyIC/models/3DLorenzmodelmodel0.pth
2021-04-09 15:10:20,783:save_models:INFO:Stored ckpt at /Users/jan-philippvonbassewitz/Documents/Studium/Semester_6/Bachelor_Thesis/LatentODELorentz/MyNeuralODE/IdentifyIC/models/3DLorenzmodelmodel0.pth
2021-04-09 15:10:24,485:save_models:INFO:Stored ckpt at /Users/jan-philippvonbassewitz/Documents/Studium/Semester_6/Bachelor_Thesis/LatentODELorentz/MyNeuralODE/IdentifyIC/models/3DLorenzmodelmodel0.pth
2021-04-09 15:10:28,310:save_models:INFO:Stored ckpt at /Users/jan-philippvonbassewitz/Documents/Studium/Semester_6/Bachelor_Thesis/LatentODELorentz/MyNeuralODE/IdentifyIC/models/3DLorenzmodelmodel0.pth
2021-04-09 15:10:31,770:save_models:INFO:Stored ckpt at /Users/jan-philippvonbassewitz/Documents/Studium/Semester_6/Bachelor_Thesis/LatentODELorentz/MyNeuralODE/IdentifyIC/models/3DLorenzmodelmodel0.pth
2021-04-09 15:10:35,129:save_models:INFO:Stored ckpt at /Users/jan-philippvonbassewitz/Documents/Studium/Semester_6/Bachelor_Thesis/LatentODELorentz/MyNeuralODE/IdentifyIC/models/3DLorenzmodelmodel0.pth
2021-04-09 15:10:38,347:save_models:INFO:Stored ckpt at /Users/jan-philippvonbassewitz/Documents/Studium/Semester_6/Bachelor_Thesis/LatentODELorentz/MyNeuralODE/IdentifyIC/models/3DLorenzmodelmodel0.pth
2021-04-09 15:10:41,770:save_models:INFO:Stored ckpt at /Users/jan-philippvonbassewitz/Documents/Studium/Semester_6/Bachelor_Thesis/LatentODELorentz/MyNeuralODE/IdentifyIC/models/3DLorenzmodelmodel0.pth
2021-04-09 15:10:45,258:save_models:INFO:Stored ckpt at /Users/jan-philippvonbassewitz/Documents/Studium/Semester_6/Bachelor_Thesis/LatentODELorentz/MyNeuralODE/IdentifyIC/models/3DLorenzmodelmodel0.pth
2021-04-09 15:10:49,086:save_models:INFO:Stored ckpt at /Users/jan-philippvonbassewitz/Documents/Studium/Semester_6/Bachelor_Thesis/LatentODELorentz/MyNeuralODE/IdentifyIC/models/3DLorenzmodelmodel0.pth
2021-04-09 15:10:52,626:save_models:INFO:Stored ckpt at /Users/jan-philippvonbassewitz/Documents/Studium/Semester_6/Bachelor_Thesis/LatentODELorentz/MyNeuralODE/IdentifyIC/models/3DLorenzmodelmodel0.pth
2021-04-09 15:10:55,880:save_models:INFO:Stored ckpt at /Users/jan-philippvonbassewitz/Documents/Studium/Semester_6/Bachelor_Thesis/LatentODELorentz/MyNeuralODE/IdentifyIC/models/3DLorenzmodelmodel0.pth
2021-04-09 15:10:59,345:save_models:INFO:Stored ckpt at /Users/jan-philippvonbassewitz/Documents/Studium/Semester_6/Bachelor_Thesis/LatentODELorentz/MyNeuralODE/IdentifyIC/models/3DLorenzmodelmodel0.pth
2021-04-09 15:11:02,640:save_models:INFO:Stored ckpt at /Users/jan-philippvonbassewitz/Documents/Studium/Semester_6/Bachelor_Thesis/LatentODELorentz/MyNeuralODE/IdentifyIC/models/3DLorenzmodelmodel0.pth
2021-04-09 15:11:06,051:save_models:INFO:Stored ckpt at /Users/jan-philippvonbassewitz/Documents/Studium/Semester_6/Bachelor_Thesis/LatentODELorentz/MyNeuralODE/IdentifyIC/models/3DLorenzmodelmodel0.pth
2021-04-09 15:11:09,884:save_models:INFO:Stored ckpt at /Users/jan-philippvonbassewitz/Documents/Studium/Semester_6/Bachelor_Thesis/LatentODELorentz/MyNeuralODE/IdentifyIC/models/3DLorenzmodelmodel0.pth
2021-04-09 15:11:13,769:save_models:INFO:Stored ckpt at /Users/jan-philippvonbassewitz/Documents/Studium/Semester_6/Bachelor_Thesis/LatentODELorentz/MyNeuralODE/IdentifyIC/models/3DLorenzmodelmodel0.pth
2021-04-09 15:11:16,827:save_models:INFO:Stored ckpt at /Users/jan-philippvonbassewitz/Documents/Studium/Semester_6/Bachelor_Thesis/LatentODELorentz/MyNeuralODE/IdentifyIC/models/3DLorenzmodelmodel0.pth
2021-04-09 15:11:19,973:save_models:INFO:Stored ckpt at /Users/jan-philippvonbassewitz/Documents/Studium/Semester_6/Bachelor_Thesis/LatentODELorentz/MyNeuralODE/IdentifyIC/models/3DLorenzmodelmodel0.pth
2021-04-09 15:11:22,879:save_models:INFO:Stored ckpt at /Users/jan-philippvonbassewitz/Documents/Studium/Semester_6/Bachelor_Thesis/LatentODELorentz/MyNeuralODE/IdentifyIC/models/3DLorenzmodelmodel0.pth
2021-04-09 15:11:25,919:save_models:INFO:Stored ckpt at /Users/jan-philippvonbassewitz/Documents/Studium/Semester_6/Bachelor_Thesis/LatentODELorentz/MyNeuralODE/IdentifyIC/models/3DLorenzmodelmodel0.pth
2021-04-09 15:11:29,063:save_models:INFO:Stored ckpt at /Users/jan-philippvonbassewitz/Documents/Studium/Semester_6/Bachelor_Thesis/LatentODELorentz/MyNeuralODE/IdentifyIC/models/3DLorenzmodelmodel0.pth
2021-04-09 15:11:32,527:save_models:INFO:Stored ckpt at /Users/jan-philippvonbassewitz/Documents/Studium/Semester_6/Bachelor_Thesis/LatentODELorentz/MyNeuralODE/IdentifyIC/models/3DLorenzmodelmodel0.pth
2021-04-09 15:11:35,649:save_models:INFO:Stored ckpt at /Users/jan-philippvonbassewitz/Documents/Studium/Semester_6/Bachelor_Thesis/LatentODELorentz/MyNeuralODE/IdentifyIC/models/3DLorenzmodelmodel0.pth
2021-04-09 15:11:38,743:save_models:INFO:Stored ckpt at /Users/jan-philippvonbassewitz/Documents/Studium/Semester_6/Bachelor_Thesis/LatentODELorentz/MyNeuralODE/IdentifyIC/models/3DLorenzmodelmodel0.pth
2021-04-09 15:11:42,037:save_models:INFO:Stored ckpt at /Users/jan-philippvonbassewitz/Documents/Studium/Semester_6/Bachelor_Thesis/LatentODELorentz/MyNeuralODE/IdentifyIC/models/3DLorenzmodelmodel0.pth
2021-04-09 15:11:45,181:save_models:INFO:Stored ckpt at /Users/jan-philippvonbassewitz/Documents/Studium/Semester_6/Bachelor_Thesis/LatentODELorentz/MyNeuralODE/IdentifyIC/models/3DLorenzmodelmodel0.pth
2021-04-09 15:11:48,202:save_models:INFO:Stored ckpt at /Users/jan-philippvonbassewitz/Documents/Studium/Semester_6/Bachelor_Thesis/LatentODELorentz/MyNeuralODE/IdentifyIC/models/3DLorenzmodelmodel0.pth
2021-04-09 15:11:50,055:save_models:INFO:Stored ckpt at /Users/jan-philippvonbassewitz/Documents/Studium/Semester_6/Bachelor_Thesis/LatentODELorentz/MyNeuralODE/IdentifyIC/models/3DLorenzmodelmodel0.pth
2021-04-09 15:11:50,098:__init__:INFO:
 Constructed 3D Lorenz dataset with: 
2021-04-09 15:11:50,098:__init__:INFO:   lookahead: 50 | tau: 1 | k: 8
2021-04-09 15:11:50,098:__init__:INFO:size of histories: torch.Size([933, 8, 3]) | size of futures: torch.Size([933, 51, 3])

2021-04-09 15:13:59,303:__init__:INFO:
 Constructed 3D Lorenz dataset with: 
2021-04-09 15:13:59,303:__init__:INFO:   lookahead: 0 | tau: 1 | k: 8
2021-04-09 15:13:59,303:__init__:INFO:size of histories: torch.Size([983, 8, 3]) | size of futures: torch.Size([983, 1, 3])

2021-04-09 15:13:59,316:__init__:INFO:
 Constructed 3D Lorenz dataset with: 
2021-04-09 15:13:59,316:__init__:INFO:   lookahead: 0 | tau: 1 | k: 8
2021-04-09 15:13:59,316:__init__:INFO:size of histories: torch.Size([983, 8, 3]) | size of futures: torch.Size([983, 1, 3])

2021-04-09 15:14:04,431:save_models:INFO:Stored ckpt at /Users/jan-philippvonbassewitz/Documents/Studium/Semester_6/Bachelor_Thesis/LatentODELorentz/MyNeuralODE/IdentifyIC/models/3DLorenzmodelmodel0.pth
2021-04-09 15:14:15,067:save_models:INFO:Stored ckpt at /Users/jan-philippvonbassewitz/Documents/Studium/Semester_6/Bachelor_Thesis/LatentODELorentz/MyNeuralODE/IdentifyIC/models/3DLorenzmodelmodel0.pth
2021-04-09 15:14:25,665:save_models:INFO:Stored ckpt at /Users/jan-philippvonbassewitz/Documents/Studium/Semester_6/Bachelor_Thesis/LatentODELorentz/MyNeuralODE/IdentifyIC/models/3DLorenzmodelmodel0.pth
2021-04-09 15:14:37,341:save_models:INFO:Stored ckpt at /Users/jan-philippvonbassewitz/Documents/Studium/Semester_6/Bachelor_Thesis/LatentODELorentz/MyNeuralODE/IdentifyIC/models/3DLorenzmodelmodel0.pth
2021-04-09 15:14:50,382:save_models:INFO:Stored ckpt at /Users/jan-philippvonbassewitz/Documents/Studium/Semester_6/Bachelor_Thesis/LatentODELorentz/MyNeuralODE/IdentifyIC/models/3DLorenzmodelmodel0.pth
2021-04-09 15:15:02,069:save_models:INFO:Stored ckpt at /Users/jan-philippvonbassewitz/Documents/Studium/Semester_6/Bachelor_Thesis/LatentODELorentz/MyNeuralODE/IdentifyIC/models/3DLorenzmodelmodel0.pth
2021-04-09 15:15:14,980:save_models:INFO:Stored ckpt at /Users/jan-philippvonbassewitz/Documents/Studium/Semester_6/Bachelor_Thesis/LatentODELorentz/MyNeuralODE/IdentifyIC/models/3DLorenzmodelmodel0.pth
2021-04-09 15:15:33,422:save_models:INFO:Stored ckpt at /Users/jan-philippvonbassewitz/Documents/Studium/Semester_6/Bachelor_Thesis/LatentODELorentz/MyNeuralODE/IdentifyIC/models/3DLorenzmodelmodel0.pth
2021-04-09 15:15:47,903:save_models:INFO:Stored ckpt at /Users/jan-philippvonbassewitz/Documents/Studium/Semester_6/Bachelor_Thesis/LatentODELorentz/MyNeuralODE/IdentifyIC/models/3DLorenzmodelmodel0.pth
2021-04-09 15:15:59,595:save_models:INFO:Stored ckpt at /Users/jan-philippvonbassewitz/Documents/Studium/Semester_6/Bachelor_Thesis/LatentODELorentz/MyNeuralODE/IdentifyIC/models/3DLorenzmodelmodel0.pth
2021-04-09 15:16:11,571:save_models:INFO:Stored ckpt at /Users/jan-philippvonbassewitz/Documents/Studium/Semester_6/Bachelor_Thesis/LatentODELorentz/MyNeuralODE/IdentifyIC/models/3DLorenzmodelmodel0.pth
2021-04-09 15:16:23,878:save_models:INFO:Stored ckpt at /Users/jan-philippvonbassewitz/Documents/Studium/Semester_6/Bachelor_Thesis/LatentODELorentz/MyNeuralODE/IdentifyIC/models/3DLorenzmodelmodel0.pth
2021-04-09 15:16:35,518:save_models:INFO:Stored ckpt at /Users/jan-philippvonbassewitz/Documents/Studium/Semester_6/Bachelor_Thesis/LatentODELorentz/MyNeuralODE/IdentifyIC/models/3DLorenzmodelmodel0.pth
2021-04-09 15:16:46,340:save_models:INFO:Stored ckpt at /Users/jan-philippvonbassewitz/Documents/Studium/Semester_6/Bachelor_Thesis/LatentODELorentz/MyNeuralODE/IdentifyIC/models/3DLorenzmodelmodel0.pth
2021-04-09 15:16:58,554:save_models:INFO:Stored ckpt at /Users/jan-philippvonbassewitz/Documents/Studium/Semester_6/Bachelor_Thesis/LatentODELorentz/MyNeuralODE/IdentifyIC/models/3DLorenzmodelmodel0.pth
2021-04-09 15:17:12,865:save_models:INFO:Stored ckpt at /Users/jan-philippvonbassewitz/Documents/Studium/Semester_6/Bachelor_Thesis/LatentODELorentz/MyNeuralODE/IdentifyIC/models/3DLorenzmodelmodel0.pth
2021-04-09 15:17:24,054:save_models:INFO:Stored ckpt at /Users/jan-philippvonbassewitz/Documents/Studium/Semester_6/Bachelor_Thesis/LatentODELorentz/MyNeuralODE/IdentifyIC/models/3DLorenzmodelmodel0.pth
2021-04-09 15:17:36,730:save_models:INFO:Stored ckpt at /Users/jan-philippvonbassewitz/Documents/Studium/Semester_6/Bachelor_Thesis/LatentODELorentz/MyNeuralODE/IdentifyIC/models/3DLorenzmodelmodel0.pth
2021-04-09 15:17:50,752:save_models:INFO:Stored ckpt at /Users/jan-philippvonbassewitz/Documents/Studium/Semester_6/Bachelor_Thesis/LatentODELorentz/MyNeuralODE/IdentifyIC/models/3DLorenzmodelmodel0.pth
2021-04-09 15:18:04,520:save_models:INFO:Stored ckpt at /Users/jan-philippvonbassewitz/Documents/Studium/Semester_6/Bachelor_Thesis/LatentODELorentz/MyNeuralODE/IdentifyIC/models/3DLorenzmodelmodel0.pth
2021-04-09 15:18:17,882:save_models:INFO:Stored ckpt at /Users/jan-philippvonbassewitz/Documents/Studium/Semester_6/Bachelor_Thesis/LatentODELorentz/MyNeuralODE/IdentifyIC/models/3DLorenzmodelmodel0.pth
2021-04-09 15:18:29,466:save_models:INFO:Stored ckpt at /Users/jan-philippvonbassewitz/Documents/Studium/Semester_6/Bachelor_Thesis/LatentODELorentz/MyNeuralODE/IdentifyIC/models/3DLorenzmodelmodel0.pth
2021-04-09 15:18:40,834:save_models:INFO:Stored ckpt at /Users/jan-philippvonbassewitz/Documents/Studium/Semester_6/Bachelor_Thesis/LatentODELorentz/MyNeuralODE/IdentifyIC/models/3DLorenzmodelmodel0.pth
2021-04-09 15:18:53,234:save_models:INFO:Stored ckpt at /Users/jan-philippvonbassewitz/Documents/Studium/Semester_6/Bachelor_Thesis/LatentODELorentz/MyNeuralODE/IdentifyIC/models/3DLorenzmodelmodel0.pth
2021-04-09 15:19:04,671:save_models:INFO:Stored ckpt at /Users/jan-philippvonbassewitz/Documents/Studium/Semester_6/Bachelor_Thesis/LatentODELorentz/MyNeuralODE/IdentifyIC/models/3DLorenzmodelmodel0.pth
2021-04-09 15:19:19,576:save_models:INFO:Stored ckpt at /Users/jan-philippvonbassewitz/Documents/Studium/Semester_6/Bachelor_Thesis/LatentODELorentz/MyNeuralODE/IdentifyIC/models/3DLorenzmodelmodel0.pth
2021-04-09 15:19:32,738:save_models:INFO:Stored ckpt at /Users/jan-philippvonbassewitz/Documents/Studium/Semester_6/Bachelor_Thesis/LatentODELorentz/MyNeuralODE/IdentifyIC/models/3DLorenzmodelmodel0.pth
2021-04-09 15:19:46,071:save_models:INFO:Stored ckpt at /Users/jan-philippvonbassewitz/Documents/Studium/Semester_6/Bachelor_Thesis/LatentODELorentz/MyNeuralODE/IdentifyIC/models/3DLorenzmodelmodel0.pth
2021-04-09 15:19:58,475:save_models:INFO:Stored ckpt at /Users/jan-philippvonbassewitz/Documents/Studium/Semester_6/Bachelor_Thesis/LatentODELorentz/MyNeuralODE/IdentifyIC/models/3DLorenzmodelmodel0.pth
2021-04-09 15:20:11,617:save_models:INFO:Stored ckpt at /Users/jan-philippvonbassewitz/Documents/Studium/Semester_6/Bachelor_Thesis/LatentODELorentz/MyNeuralODE/IdentifyIC/models/3DLorenzmodelmodel0.pth
2021-04-09 15:20:24,125:save_models:INFO:Stored ckpt at /Users/jan-philippvonbassewitz/Documents/Studium/Semester_6/Bachelor_Thesis/LatentODELorentz/MyNeuralODE/IdentifyIC/models/3DLorenzmodelmodel0.pth
2021-04-09 15:20:36,195:save_models:INFO:Stored ckpt at /Users/jan-philippvonbassewitz/Documents/Studium/Semester_6/Bachelor_Thesis/LatentODELorentz/MyNeuralODE/IdentifyIC/models/3DLorenzmodelmodel0.pth
2021-04-09 15:20:48,295:save_models:INFO:Stored ckpt at /Users/jan-philippvonbassewitz/Documents/Studium/Semester_6/Bachelor_Thesis/LatentODELorentz/MyNeuralODE/IdentifyIC/models/3DLorenzmodelmodel0.pth
2021-04-09 15:20:59,114:save_models:INFO:Stored ckpt at /Users/jan-philippvonbassewitz/Documents/Studium/Semester_6/Bachelor_Thesis/LatentODELorentz/MyNeuralODE/IdentifyIC/models/3DLorenzmodelmodel0.pth
2021-04-09 15:21:09,839:save_models:INFO:Stored ckpt at /Users/jan-philippvonbassewitz/Documents/Studium/Semester_6/Bachelor_Thesis/LatentODELorentz/MyNeuralODE/IdentifyIC/models/3DLorenzmodelmodel0.pth
2021-04-09 15:21:21,470:save_models:INFO:Stored ckpt at /Users/jan-philippvonbassewitz/Documents/Studium/Semester_6/Bachelor_Thesis/LatentODELorentz/MyNeuralODE/IdentifyIC/models/3DLorenzmodelmodel0.pth
2021-04-09 15:21:34,085:save_models:INFO:Stored ckpt at /Users/jan-philippvonbassewitz/Documents/Studium/Semester_6/Bachelor_Thesis/LatentODELorentz/MyNeuralODE/IdentifyIC/models/3DLorenzmodelmodel0.pth
2021-04-09 15:21:46,564:save_models:INFO:Stored ckpt at /Users/jan-philippvonbassewitz/Documents/Studium/Semester_6/Bachelor_Thesis/LatentODELorentz/MyNeuralODE/IdentifyIC/models/3DLorenzmodelmodel0.pth
2021-04-09 15:21:58,881:save_models:INFO:Stored ckpt at /Users/jan-philippvonbassewitz/Documents/Studium/Semester_6/Bachelor_Thesis/LatentODELorentz/MyNeuralODE/IdentifyIC/models/3DLorenzmodelmodel0.pth
2021-04-09 15:22:11,924:save_models:INFO:Stored ckpt at /Users/jan-philippvonbassewitz/Documents/Studium/Semester_6/Bachelor_Thesis/LatentODELorentz/MyNeuralODE/IdentifyIC/models/3DLorenzmodelmodel0.pth
2021-04-09 15:22:24,581:save_models:INFO:Stored ckpt at /Users/jan-philippvonbassewitz/Documents/Studium/Semester_6/Bachelor_Thesis/LatentODELorentz/MyNeuralODE/IdentifyIC/models/3DLorenzmodelmodel0.pth
2021-04-09 15:22:38,005:save_models:INFO:Stored ckpt at /Users/jan-philippvonbassewitz/Documents/Studium/Semester_6/Bachelor_Thesis/LatentODELorentz/MyNeuralODE/IdentifyIC/models/3DLorenzmodelmodel0.pth
2021-04-09 15:22:50,912:save_models:INFO:Stored ckpt at /Users/jan-philippvonbassewitz/Documents/Studium/Semester_6/Bachelor_Thesis/LatentODELorentz/MyNeuralODE/IdentifyIC/models/3DLorenzmodelmodel0.pth
2021-04-09 15:23:01,777:save_models:INFO:Stored ckpt at /Users/jan-philippvonbassewitz/Documents/Studium/Semester_6/Bachelor_Thesis/LatentODELorentz/MyNeuralODE/IdentifyIC/models/3DLorenzmodelmodel0.pth
2021-04-09 15:23:13,450:save_models:INFO:Stored ckpt at /Users/jan-philippvonbassewitz/Documents/Studium/Semester_6/Bachelor_Thesis/LatentODELorentz/MyNeuralODE/IdentifyIC/models/3DLorenzmodelmodel0.pth
2021-04-09 15:23:27,029:save_models:INFO:Stored ckpt at /Users/jan-philippvonbassewitz/Documents/Studium/Semester_6/Bachelor_Thesis/LatentODELorentz/MyNeuralODE/IdentifyIC/models/3DLorenzmodelmodel0.pth
2021-04-09 15:23:39,701:save_models:INFO:Stored ckpt at /Users/jan-philippvonbassewitz/Documents/Studium/Semester_6/Bachelor_Thesis/LatentODELorentz/MyNeuralODE/IdentifyIC/models/3DLorenzmodelmodel0.pth
2021-04-09 15:23:52,267:save_models:INFO:Stored ckpt at /Users/jan-philippvonbassewitz/Documents/Studium/Semester_6/Bachelor_Thesis/LatentODELorentz/MyNeuralODE/IdentifyIC/models/3DLorenzmodelmodel0.pth
2021-04-09 15:24:05,897:save_models:INFO:Stored ckpt at /Users/jan-philippvonbassewitz/Documents/Studium/Semester_6/Bachelor_Thesis/LatentODELorentz/MyNeuralODE/IdentifyIC/models/3DLorenzmodelmodel0.pth
2021-04-09 15:24:20,068:save_models:INFO:Stored ckpt at /Users/jan-philippvonbassewitz/Documents/Studium/Semester_6/Bachelor_Thesis/LatentODELorentz/MyNeuralODE/IdentifyIC/models/3DLorenzmodelmodel0.pth
2021-04-09 15:24:30,061:save_models:INFO:Stored ckpt at /Users/jan-philippvonbassewitz/Documents/Studium/Semester_6/Bachelor_Thesis/LatentODELorentz/MyNeuralODE/IdentifyIC/models/3DLorenzmodelmodel0.pth
2021-04-09 15:25:13,563:__init__:INFO:
 Constructed 3D Lorenz dataset with: 
2021-04-09 15:25:13,564:__init__:INFO:   lookahead: 0 | tau: 1 | k: 8
2021-04-09 15:25:13,564:__init__:INFO:size of histories: torch.Size([983, 8, 3]) | size of futures: torch.Size([983, 1, 3])

2021-04-09 15:25:13,578:__init__:INFO:
 Constructed 3D Lorenz dataset with: 
2021-04-09 15:25:13,579:__init__:INFO:   lookahead: 0 | tau: 1 | k: 8
2021-04-09 15:25:13,579:__init__:INFO:size of histories: torch.Size([983, 8, 3]) | size of futures: torch.Size([983, 1, 3])

2021-04-09 15:25:15,114:save_models:INFO:Stored ckpt at /Users/jan-philippvonbassewitz/Documents/Studium/Semester_6/Bachelor_Thesis/LatentODELorentz/MyNeuralODE/IdentifyIC/models/3DLorenzmodelmodel0.pth
2021-04-09 15:25:18,939:save_models:INFO:Stored ckpt at /Users/jan-philippvonbassewitz/Documents/Studium/Semester_6/Bachelor_Thesis/LatentODELorentz/MyNeuralODE/IdentifyIC/models/3DLorenzmodelmodel0.pth
2021-04-09 15:25:21,934:save_models:INFO:Stored ckpt at /Users/jan-philippvonbassewitz/Documents/Studium/Semester_6/Bachelor_Thesis/LatentODELorentz/MyNeuralODE/IdentifyIC/models/3DLorenzmodelmodel0.pth
2021-04-09 15:25:25,028:save_models:INFO:Stored ckpt at /Users/jan-philippvonbassewitz/Documents/Studium/Semester_6/Bachelor_Thesis/LatentODELorentz/MyNeuralODE/IdentifyIC/models/3DLorenzmodelmodel0.pth
2021-04-09 15:25:28,542:save_models:INFO:Stored ckpt at /Users/jan-philippvonbassewitz/Documents/Studium/Semester_6/Bachelor_Thesis/LatentODELorentz/MyNeuralODE/IdentifyIC/models/3DLorenzmodelmodel0.pth
2021-04-09 15:25:33,700:save_models:INFO:Stored ckpt at /Users/jan-philippvonbassewitz/Documents/Studium/Semester_6/Bachelor_Thesis/LatentODELorentz/MyNeuralODE/IdentifyIC/models/3DLorenzmodelmodel0.pth
2021-04-09 15:25:38,097:save_models:INFO:Stored ckpt at /Users/jan-philippvonbassewitz/Documents/Studium/Semester_6/Bachelor_Thesis/LatentODELorentz/MyNeuralODE/IdentifyIC/models/3DLorenzmodelmodel0.pth
2021-04-09 15:25:41,922:save_models:INFO:Stored ckpt at /Users/jan-philippvonbassewitz/Documents/Studium/Semester_6/Bachelor_Thesis/LatentODELorentz/MyNeuralODE/IdentifyIC/models/3DLorenzmodelmodel0.pth
2021-04-09 15:25:46,953:save_models:INFO:Stored ckpt at /Users/jan-philippvonbassewitz/Documents/Studium/Semester_6/Bachelor_Thesis/LatentODELorentz/MyNeuralODE/IdentifyIC/models/3DLorenzmodelmodel0.pth
2021-04-09 15:25:50,832:save_models:INFO:Stored ckpt at /Users/jan-philippvonbassewitz/Documents/Studium/Semester_6/Bachelor_Thesis/LatentODELorentz/MyNeuralODE/IdentifyIC/models/3DLorenzmodelmodel0.pth
2021-04-09 15:25:54,002:save_models:INFO:Stored ckpt at /Users/jan-philippvonbassewitz/Documents/Studium/Semester_6/Bachelor_Thesis/LatentODELorentz/MyNeuralODE/IdentifyIC/models/3DLorenzmodelmodel0.pth
2021-04-09 15:25:57,472:save_models:INFO:Stored ckpt at /Users/jan-philippvonbassewitz/Documents/Studium/Semester_6/Bachelor_Thesis/LatentODELorentz/MyNeuralODE/IdentifyIC/models/3DLorenzmodelmodel0.pth
2021-04-09 15:26:00,798:save_models:INFO:Stored ckpt at /Users/jan-philippvonbassewitz/Documents/Studium/Semester_6/Bachelor_Thesis/LatentODELorentz/MyNeuralODE/IdentifyIC/models/3DLorenzmodelmodel0.pth
2021-04-09 15:26:05,346:save_models:INFO:Stored ckpt at /Users/jan-philippvonbassewitz/Documents/Studium/Semester_6/Bachelor_Thesis/LatentODELorentz/MyNeuralODE/IdentifyIC/models/3DLorenzmodelmodel0.pth
2021-04-09 15:26:09,265:save_models:INFO:Stored ckpt at /Users/jan-philippvonbassewitz/Documents/Studium/Semester_6/Bachelor_Thesis/LatentODELorentz/MyNeuralODE/IdentifyIC/models/3DLorenzmodelmodel0.pth
2021-04-09 15:26:13,950:save_models:INFO:Stored ckpt at /Users/jan-philippvonbassewitz/Documents/Studium/Semester_6/Bachelor_Thesis/LatentODELorentz/MyNeuralODE/IdentifyIC/models/3DLorenzmodelmodel0.pth
2021-04-09 15:26:18,966:save_models:INFO:Stored ckpt at /Users/jan-philippvonbassewitz/Documents/Studium/Semester_6/Bachelor_Thesis/LatentODELorentz/MyNeuralODE/IdentifyIC/models/3DLorenzmodelmodel0.pth
2021-04-09 15:26:22,482:save_models:INFO:Stored ckpt at /Users/jan-philippvonbassewitz/Documents/Studium/Semester_6/Bachelor_Thesis/LatentODELorentz/MyNeuralODE/IdentifyIC/models/3DLorenzmodelmodel0.pth
2021-04-09 15:26:25,829:save_models:INFO:Stored ckpt at /Users/jan-philippvonbassewitz/Documents/Studium/Semester_6/Bachelor_Thesis/LatentODELorentz/MyNeuralODE/IdentifyIC/models/3DLorenzmodelmodel0.pth
2021-04-09 15:26:29,533:save_models:INFO:Stored ckpt at /Users/jan-philippvonbassewitz/Documents/Studium/Semester_6/Bachelor_Thesis/LatentODELorentz/MyNeuralODE/IdentifyIC/models/3DLorenzmodelmodel0.pth
2021-04-09 15:26:33,289:save_models:INFO:Stored ckpt at /Users/jan-philippvonbassewitz/Documents/Studium/Semester_6/Bachelor_Thesis/LatentODELorentz/MyNeuralODE/IdentifyIC/models/3DLorenzmodelmodel0.pth
2021-04-09 15:26:36,845:save_models:INFO:Stored ckpt at /Users/jan-philippvonbassewitz/Documents/Studium/Semester_6/Bachelor_Thesis/LatentODELorentz/MyNeuralODE/IdentifyIC/models/3DLorenzmodelmodel0.pth
2021-04-09 15:26:41,556:save_models:INFO:Stored ckpt at /Users/jan-philippvonbassewitz/Documents/Studium/Semester_6/Bachelor_Thesis/LatentODELorentz/MyNeuralODE/IdentifyIC/models/3DLorenzmodelmodel0.pth
2021-04-09 15:26:46,010:save_models:INFO:Stored ckpt at /Users/jan-philippvonbassewitz/Documents/Studium/Semester_6/Bachelor_Thesis/LatentODELorentz/MyNeuralODE/IdentifyIC/models/3DLorenzmodelmodel0.pth
2021-04-09 15:26:49,165:save_models:INFO:Stored ckpt at /Users/jan-philippvonbassewitz/Documents/Studium/Semester_6/Bachelor_Thesis/LatentODELorentz/MyNeuralODE/IdentifyIC/models/3DLorenzmodelmodel0.pth
2021-04-09 15:26:53,162:save_models:INFO:Stored ckpt at /Users/jan-philippvonbassewitz/Documents/Studium/Semester_6/Bachelor_Thesis/LatentODELorentz/MyNeuralODE/IdentifyIC/models/3DLorenzmodelmodel0.pth
2021-04-09 15:26:57,110:save_models:INFO:Stored ckpt at /Users/jan-philippvonbassewitz/Documents/Studium/Semester_6/Bachelor_Thesis/LatentODELorentz/MyNeuralODE/IdentifyIC/models/3DLorenzmodelmodel0.pth
2021-04-09 15:27:00,685:save_models:INFO:Stored ckpt at /Users/jan-philippvonbassewitz/Documents/Studium/Semester_6/Bachelor_Thesis/LatentODELorentz/MyNeuralODE/IdentifyIC/models/3DLorenzmodelmodel0.pth
2021-04-09 15:27:04,518:save_models:INFO:Stored ckpt at /Users/jan-philippvonbassewitz/Documents/Studium/Semester_6/Bachelor_Thesis/LatentODELorentz/MyNeuralODE/IdentifyIC/models/3DLorenzmodelmodel0.pth
2021-04-09 15:27:08,401:save_models:INFO:Stored ckpt at /Users/jan-philippvonbassewitz/Documents/Studium/Semester_6/Bachelor_Thesis/LatentODELorentz/MyNeuralODE/IdentifyIC/models/3DLorenzmodelmodel0.pth
2021-04-09 15:27:11,978:save_models:INFO:Stored ckpt at /Users/jan-philippvonbassewitz/Documents/Studium/Semester_6/Bachelor_Thesis/LatentODELorentz/MyNeuralODE/IdentifyIC/models/3DLorenzmodelmodel0.pth
2021-04-09 15:27:15,511:save_models:INFO:Stored ckpt at /Users/jan-philippvonbassewitz/Documents/Studium/Semester_6/Bachelor_Thesis/LatentODELorentz/MyNeuralODE/IdentifyIC/models/3DLorenzmodelmodel0.pth
2021-04-09 15:27:19,889:save_models:INFO:Stored ckpt at /Users/jan-philippvonbassewitz/Documents/Studium/Semester_6/Bachelor_Thesis/LatentODELorentz/MyNeuralODE/IdentifyIC/models/3DLorenzmodelmodel0.pth
2021-04-09 15:27:23,509:save_models:INFO:Stored ckpt at /Users/jan-philippvonbassewitz/Documents/Studium/Semester_6/Bachelor_Thesis/LatentODELorentz/MyNeuralODE/IdentifyIC/models/3DLorenzmodelmodel0.pth
2021-04-09 15:27:26,661:save_models:INFO:Stored ckpt at /Users/jan-philippvonbassewitz/Documents/Studium/Semester_6/Bachelor_Thesis/LatentODELorentz/MyNeuralODE/IdentifyIC/models/3DLorenzmodelmodel0.pth
2021-04-09 15:27:28,541:save_models:INFO:Stored ckpt at /Users/jan-philippvonbassewitz/Documents/Studium/Semester_6/Bachelor_Thesis/LatentODELorentz/MyNeuralODE/IdentifyIC/models/3DLorenzmodelmodel0.pth
2021-04-09 15:27:28,582:__init__:INFO:
 Constructed 3D Lorenz dataset with: 
2021-04-09 15:27:28,582:__init__:INFO:   lookahead: 50 | tau: 1 | k: 8
2021-04-09 15:27:28,582:__init__:INFO:size of histories: torch.Size([933, 8, 3]) | size of futures: torch.Size([933, 51, 3])

2021-04-09 15:29:13,233:__init__:INFO:
 Constructed 3D Lorenz dataset with: 
2021-04-09 15:29:13,234:__init__:INFO:   lookahead: 50 | tau: 1 | k: 8
2021-04-09 15:29:13,234:__init__:INFO:size of histories: torch.Size([933, 8, 3]) | size of futures: torch.Size([933, 51, 3])

2021-04-09 15:29:30,857:__init__:INFO:
 Constructed 3D Lorenz dataset with: 
2021-04-09 15:29:30,858:__init__:INFO:   lookahead: 50 | tau: 1 | k: 8
2021-04-09 15:29:30,858:__init__:INFO:size of histories: torch.Size([933, 8, 3]) | size of futures: torch.Size([933, 51, 3])

2021-04-09 15:29:40,305:__init__:INFO:
 Constructed 3D Lorenz dataset with: 
2021-04-09 15:29:40,305:__init__:INFO:   lookahead: 50 | tau: 1 | k: 8
2021-04-09 15:29:40,305:__init__:INFO:size of histories: torch.Size([933, 8, 3]) | size of futures: torch.Size([933, 51, 3])

2021-04-09 15:29:47,721:__init__:INFO:
 Constructed 3D Lorenz dataset with: 
2021-04-09 15:29:47,721:__init__:INFO:   lookahead: 50 | tau: 1 | k: 8
2021-04-09 15:29:47,721:__init__:INFO:size of histories: torch.Size([933, 8, 3]) | size of futures: torch.Size([933, 51, 3])

2021-04-09 15:30:01,326:__init__:INFO:
 Constructed 3D Lorenz dataset with: 
2021-04-09 15:30:01,326:__init__:INFO:   lookahead: 50 | tau: 1 | k: 8
2021-04-09 15:30:01,326:__init__:INFO:size of histories: torch.Size([933, 8, 3]) | size of futures: torch.Size([933, 51, 3])

2021-04-09 15:30:03,864:z1test:WARNING:Warning: data is probably oversampled.
2021-04-09 15:30:03,864:z1test:WARNING:Use coarser sampling or reduce the maximum value of c.
2021-04-09 15:30:35,304:__init__:INFO:
 Constructed 3D Lorenz dataset with: 
2021-04-09 15:30:35,304:__init__:INFO:   lookahead: 50 | tau: 1 | k: 8
2021-04-09 15:30:35,304:__init__:INFO:size of histories: torch.Size([933, 8, 3]) | size of futures: torch.Size([933, 51, 3])

2021-04-09 15:30:51,219:__init__:INFO:
 Constructed 3D Lorenz dataset with: 
2021-04-09 15:30:51,219:__init__:INFO:   lookahead: 0 | tau: 1 | k: 8
2021-04-09 15:30:51,219:__init__:INFO:size of histories: torch.Size([983, 8, 3]) | size of futures: torch.Size([983, 1, 3])

2021-04-09 15:30:51,233:__init__:INFO:
 Constructed 3D Lorenz dataset with: 
2021-04-09 15:30:51,233:__init__:INFO:   lookahead: 0 | tau: 1 | k: 8
2021-04-09 15:30:51,233:__init__:INFO:size of histories: torch.Size([983, 8, 3]) | size of futures: torch.Size([983, 1, 3])

2021-04-09 15:32:39,068:__init__:INFO:
 Constructed 3D Lorenz dataset with: 
2021-04-09 15:32:39,068:__init__:INFO:   lookahead: 50 | tau: 1 | k: 8
2021-04-09 15:32:39,068:__init__:INFO:size of histories: torch.Size([933, 8, 3]) | size of futures: torch.Size([933, 51, 3])

2021-04-09 15:33:47,995:__init__:INFO:
 Constructed 3D Lorenz dataset with: 
2021-04-09 15:33:47,995:__init__:INFO:   lookahead: 0 | tau: 1 | k: 8
2021-04-09 15:33:47,995:__init__:INFO:size of histories: torch.Size([983, 8, 3]) | size of futures: torch.Size([983, 1, 3])

2021-04-09 15:33:48,008:__init__:INFO:
 Constructed 3D Lorenz dataset with: 
2021-04-09 15:33:48,008:__init__:INFO:   lookahead: 0 | tau: 1 | k: 8
2021-04-09 15:33:48,008:__init__:INFO:size of histories: torch.Size([983, 8, 3]) | size of futures: torch.Size([983, 1, 3])

2021-04-09 15:35:34,664:__init__:INFO:
 Constructed 3D Lorenz dataset with: 
2021-04-09 15:35:34,664:__init__:INFO:   lookahead: 0 | tau: 1 | k: 8
2021-04-09 15:35:34,664:__init__:INFO:size of histories: torch.Size([983, 8, 3]) | size of futures: torch.Size([983, 1, 3])

2021-04-09 15:35:34,677:__init__:INFO:
 Constructed 3D Lorenz dataset with: 
2021-04-09 15:35:34,677:__init__:INFO:   lookahead: 0 | tau: 1 | k: 8
2021-04-09 15:35:34,677:__init__:INFO:size of histories: torch.Size([983, 8, 3]) | size of futures: torch.Size([983, 1, 3])

2021-04-09 15:36:31,836:__init__:INFO:
 Constructed 3D Lorenz dataset with: 
2021-04-09 15:36:31,836:__init__:INFO:   lookahead: 50 | tau: 1 | k: 8
2021-04-09 15:36:31,836:__init__:INFO:size of histories: torch.Size([933, 8, 3]) | size of futures: torch.Size([933, 51, 3])

2021-04-09 15:39:34,166:__init__:INFO:
 Constructed 3D Lorenz dataset with: 
2021-04-09 15:39:34,166:__init__:INFO:   lookahead: 0 | tau: 1 | k: 8
2021-04-09 15:39:34,166:__init__:INFO:size of histories: torch.Size([983, 8, 3]) | size of futures: torch.Size([983, 1, 3])

2021-04-09 15:39:34,184:__init__:INFO:
 Constructed 3D Lorenz dataset with: 
2021-04-09 15:39:34,184:__init__:INFO:   lookahead: 0 | tau: 1 | k: 8
2021-04-09 15:39:34,184:__init__:INFO:size of histories: torch.Size([983, 8, 3]) | size of futures: torch.Size([983, 1, 3])

2021-04-09 15:40:08,799:__init__:INFO:
 Constructed 3D Lorenz dataset with: 
2021-04-09 15:40:08,800:__init__:INFO:   lookahead: 50 | tau: 1 | k: 8
2021-04-09 15:40:08,800:__init__:INFO:size of histories: torch.Size([933, 8, 3]) | size of futures: torch.Size([933, 51, 3])

2021-04-09 15:40:49,818:__init__:INFO:
 Constructed 3D Lorenz dataset with: 
2021-04-09 15:40:49,818:__init__:INFO:   lookahead: 50 | tau: 1 | k: 8
2021-04-09 15:40:49,818:__init__:INFO:size of histories: torch.Size([933, 8, 3]) | size of futures: torch.Size([933, 51, 3])

2021-04-09 15:40:58,711:__init__:INFO:
 Constructed 3D Lorenz dataset with: 
2021-04-09 15:40:58,711:__init__:INFO:   lookahead: 50 | tau: 1 | k: 8
2021-04-09 15:40:58,711:__init__:INFO:size of histories: torch.Size([933, 8, 3]) | size of futures: torch.Size([933, 51, 3])

2021-04-09 15:41:15,148:__init__:INFO:
 Constructed 3D Lorenz dataset with: 
2021-04-09 15:41:15,148:__init__:INFO:   lookahead: 50 | tau: 1 | k: 8
2021-04-09 15:41:15,149:__init__:INFO:size of histories: torch.Size([933, 8, 3]) | size of futures: torch.Size([933, 51, 3])

2021-04-09 15:43:58,276:__init__:INFO:
 Constructed 3D Lorenz dataset with: 
2021-04-09 15:43:58,276:__init__:INFO:   lookahead: 50 | tau: 1 | k: 8
2021-04-09 15:43:58,276:__init__:INFO:size of histories: torch.Size([933, 8, 3]) | size of futures: torch.Size([933, 51, 3])

